20:29:07 - __main__ - INFO - Multicast discovery message sent.
20:29:07 - __main__ - INFO - Discovered node: 172.17.0.2
20:29:07 - __main__ - INFO - node_addr: 172.17.0.4:8001
20:29:07 - __main__ - INFO - Http serving comenced
20:29:07 - __main__.stab - INFO - Stabilizing:
20:29:07 - __main__.stab - INFO - Current succesor is 172.17.0.4
20:29:07 - __main__.ff - INFO - Updating The Finger Table
20:29:07 - __main__.stab - INFO - Current predecesor is: 172.17.0.4
20:29:07 - __main__.cp - INFO - Checking Predecesor
20:29:07 - __main__ - INFO - Sending request to http://172.17.0.2:8001/find_successor
20:29:07 - __main__ - DEBUG - inbetween (k = 475370831551898155779154965885400833172816669806, start = 475370831551898155779154965885400833172816669804, end = 475370831551898155779154965885400833172816669804)
20:29:07 - __main__ - INFO - Sending request to http://172.17.0.4:8001/get_predecessor
20:29:07 - __main__ - INFO - Sending request to http://172.17.0.4:8001/check_predecessor
20:29:07 - __main__ - DEBUG - Payload: {'id': '475370831551898155779154965885400833172816669804'}
20:29:07 - __main__.ff - INFO - ===Finger Table Updating Done===
20:29:07 - __main__ - DEBUG - Payload: {}
20:29:07 - __main__ - DEBUG - Payload: {}
20:29:07 - __main__.rh - DEBUG - Request path /check_predecessor
20:29:07 - __main__.rh - DEBUG - Handling the following request 
{}
20:29:07 - __main__.rh - DEBUG - Request path /get_predecessor
20:29:07 - __main__ - DEBUG - From http://172.17.0.4:8001/check_predecessor recieved:
{'id': None, 'ip': None}
20:29:07 - __main__.rh - DEBUG - Handling the following request 
{}
20:29:07 - __main__.cp - INFO - ===Predecesor Checking Done===
20:29:07 - __main__.rh - DEBUG - Response for get_predecesor request:
475370831551898155779154965885400833172816669804,172.17.0.4,8001
20:29:07 - __main__ - DEBUG - From http://172.17.0.4:8001/get_predecessor recieved:
{'id': 475370831551898155779154965885400833172816669804, 'ip': '172.17.0.4'}
20:29:07 - __main__ - DEBUG - Get Predecesor Response:
{'id': 475370831551898155779154965885400833172816669804, 'ip': '172.17.0.4'}
20:29:07 - __main__.stab - INFO - ===STABILIZING DONE===
20:29:07 - __main__ - DEBUG - From http://172.17.0.2:8001/find_successor recieved:
{'id': 685966170926969970295131996809687121594286967556, 'ip': '172.17.0.3'}
20:29:07 - __main__ - DEBUG - Find Successor Response:
{'id': 685966170926969970295131996809687121594286967556, 'ip': '172.17.0.3'}
20:29:07 - __main__ - INFO - Sending request to http://172.17.0.3:8001/notify
20:29:07 - __main__ - DEBUG - Payload: {'id': 475370831551898155779154965885400833172816669804, 'ip': '172.17.0.4'}
20:29:07 - __main__ - DEBUG - From http://172.17.0.3:8001/notify recieved:
{'id': None, 'ip': None}
20:29:07 - __main__.rh - DEBUG - Request path /notify
20:29:07 - __main__.rh - DEBUG - Handling the following request 
{'id': 746391104433116747568177882827823675889216406543, 'ip': '172.17.0.2'}
20:29:07 - __main__ - DEBUG - inbetween (k = 746391104433116747568177882827823675889216406543, start = 475370831551898155779154965885400833172816669804, end = 475370831551898155779154965885400833172816669804)
20:29:08 - __main__.ff - INFO - Updating The Finger Table
20:29:08 - __main__ - DEBUG - inbetween (k = 475370831551898155779154965885400833172816669808, start = 475370831551898155779154965885400833172816669804, end = 685966170926969970295131996809687121594286967556)
20:29:08 - __main__.ff - INFO - ===Finger Table Updating Done===
20:29:09 - __main__.ff - INFO - Updating The Finger Table
20:29:09 - __main__ - DEBUG - inbetween (k = 475370831551898155779154965885400833172816669812, start = 475370831551898155779154965885400833172816669804, end = 685966170926969970295131996809687121594286967556)
20:29:09 - __main__.ff - INFO - ===Finger Table Updating Done===
20:29:10 - __main__.ff - INFO - Updating The Finger Table
20:29:10 - __main__ - DEBUG - inbetween (k = 475370831551898155779154965885400833172816669820, start = 475370831551898155779154965885400833172816669804, end = 685966170926969970295131996809687121594286967556)
20:29:10 - __main__.ff - INFO - ===Finger Table Updating Done===
20:29:11 - __main__.ff - INFO - Updating The Finger Table
20:29:11 - __main__ - DEBUG - inbetween (k = 475370831551898155779154965885400833172816669836, start = 475370831551898155779154965885400833172816669804, end = 685966170926969970295131996809687121594286967556)
20:29:11 - __main__.ff - INFO - ===Finger Table Updating Done===
20:29:12 - __main__.ff - INFO - Updating The Finger Table
20:29:12 - __main__ - DEBUG - inbetween (k = 475370831551898155779154965885400833172816669868, start = 475370831551898155779154965885400833172816669804, end = 685966170926969970295131996809687121594286967556)
20:29:12 - __main__.ff - INFO - ===Finger Table Updating Done===
20:29:13 - __main__.ff - INFO - Updating The Finger Table
20:29:13 - __main__ - DEBUG - inbetween (k = 475370831551898155779154965885400833172816669932, start = 475370831551898155779154965885400833172816669804, end = 685966170926969970295131996809687121594286967556)
20:29:13 - __main__.ff - INFO - ===Finger Table Updating Done===
20:29:14 - __main__.ff - INFO - Updating The Finger Table
20:29:14 - __main__ - DEBUG - inbetween (k = 475370831551898155779154965885400833172816670060, start = 475370831551898155779154965885400833172816669804, end = 685966170926969970295131996809687121594286967556)
20:29:14 - __main__.ff - INFO - ===Finger Table Updating Done===
20:29:15 - __main__.ff - INFO - Updating The Finger Table
20:29:15 - __main__ - DEBUG - inbetween (k = 475370831551898155779154965885400833172816670316, start = 475370831551898155779154965885400833172816669804, end = 685966170926969970295131996809687121594286967556)
20:29:15 - __main__.ff - INFO - ===Finger Table Updating Done===
20:29:16 - __main__.ff - INFO - Updating The Finger Table
20:29:16 - __main__ - DEBUG - inbetween (k = 475370831551898155779154965885400833172816670828, start = 475370831551898155779154965885400833172816669804, end = 685966170926969970295131996809687121594286967556)
20:29:16 - __main__.ff - INFO - ===Finger Table Updating Done===
20:29:17 - __main__ - INFO - Multicast discovery message sent.
20:29:17 - __main__ - INFO - Sending request to http://172.17.0.2:8001/check_predecessor
20:29:17 - __main__.stab - INFO - Stabilizing:
20:29:17 - __main__ - DEBUG - Payload: {}
20:29:17 - __main__.stab - INFO - Current succesor is 172.17.0.3
20:29:17 - __main__.stab - INFO - Current predecesor is: 172.17.0.2
20:29:17 - __main__ - INFO - Sending request to http://172.17.0.3:8001/get_predecessor
20:29:17 - __main__ - DEBUG - Payload: {}
20:29:17 - __main__ - DEBUG - From http://172.17.0.2:8001/check_predecessor recieved:
{'id': None, 'ip': None}
20:29:17 - __main__.cp - INFO - ===Predecesor Checking Done===
20:29:17 - __main__ - DEBUG - From http://172.17.0.3:8001/get_predecessor recieved:
{'id': 475370831551898155779154965885400833172816669804, 'ip': '172.17.0.4'}
20:29:17 - __main__ - DEBUG - Get Predecesor Response:
{'id': 475370831551898155779154965885400833172816669804, 'ip': '172.17.0.4'}
20:29:17 - __main__.stab - INFO - ===STABILIZING DONE===
20:29:17 - __main__.ff - INFO - Updating The Finger Table
20:29:17 - __main__ - DEBUG - inbetween (k = 475370831551898155779154965885400833172816671852, start = 475370831551898155779154965885400833172816669804, end = 685966170926969970295131996809687121594286967556)
20:29:17 - __main__.ff - INFO - ===Finger Table Updating Done===
20:29:17 - __main__.rh - DEBUG - Request path /check_predecessor
20:29:17 - __main__.rh - DEBUG - Handling the following request 
{}
20:29:17 - __main__.rh - DEBUG - Request path /get_predecessor
20:29:17 - __main__.rh - DEBUG - Handling the following request 
{}
20:29:17 - __main__.rh - DEBUG - Response for get_predecesor request:
746391104433116747568177882827823675889216406543,172.17.0.2,8001
20:29:18 - __main__.ff - INFO - Updating The Finger Table
20:29:18 - __main__ - DEBUG - inbetween (k = 475370831551898155779154965885400833172816673900, start = 475370831551898155779154965885400833172816669804, end = 685966170926969970295131996809687121594286967556)
20:29:18 - __main__.ff - INFO - ===Finger Table Updating Done===
20:29:19 - __main__.ff - INFO - Updating The Finger Table
20:29:19 - __main__ - DEBUG - inbetween (k = 475370831551898155779154965885400833172816677996, start = 475370831551898155779154965885400833172816669804, end = 685966170926969970295131996809687121594286967556)
20:29:19 - __main__.ff - INFO - ===Finger Table Updating Done===
20:29:20 - __main__.ff - INFO - Updating The Finger Table
20:29:20 - __main__ - DEBUG - inbetween (k = 475370831551898155779154965885400833172816686188, start = 475370831551898155779154965885400833172816669804, end = 685966170926969970295131996809687121594286967556)
20:29:20 - __main__.ff - INFO - ===Finger Table Updating Done===
20:29:21 - __main__.ff - INFO - Updating The Finger Table
20:29:21 - __main__ - DEBUG - inbetween (k = 475370831551898155779154965885400833172816702572, start = 475370831551898155779154965885400833172816669804, end = 685966170926969970295131996809687121594286967556)
20:29:21 - __main__.ff - INFO - ===Finger Table Updating Done===
20:29:22 - __main__.ff - INFO - Updating The Finger Table
20:29:22 - __main__ - DEBUG - inbetween (k = 475370831551898155779154965885400833172816735340, start = 475370831551898155779154965885400833172816669804, end = 685966170926969970295131996809687121594286967556)
20:29:22 - __main__.ff - INFO - ===Finger Table Updating Done===
20:29:23 - __main__.ff - INFO - Updating The Finger Table
20:29:23 - __main__ - DEBUG - inbetween (k = 475370831551898155779154965885400833172816800876, start = 475370831551898155779154965885400833172816669804, end = 685966170926969970295131996809687121594286967556)
20:29:23 - __main__.ff - INFO - ===Finger Table Updating Done===
20:29:24 - __main__.ff - INFO - Updating The Finger Table
20:29:24 - __main__ - DEBUG - inbetween (k = 475370831551898155779154965885400833172816931948, start = 475370831551898155779154965885400833172816669804, end = 685966170926969970295131996809687121594286967556)
20:29:24 - __main__.ff - INFO - ===Finger Table Updating Done===
20:29:25 - __main__.ff - INFO - Updating The Finger Table
20:29:25 - __main__ - DEBUG - inbetween (k = 475370831551898155779154965885400833172817194092, start = 475370831551898155779154965885400833172816669804, end = 685966170926969970295131996809687121594286967556)
20:29:25 - __main__.ff - INFO - ===Finger Table Updating Done===
20:29:26 - __main__.ff - INFO - Updating The Finger Table
20:29:26 - __main__ - DEBUG - inbetween (k = 475370831551898155779154965885400833172817718380, start = 475370831551898155779154965885400833172816669804, end = 685966170926969970295131996809687121594286967556)
20:29:26 - __main__.ff - INFO - ===Finger Table Updating Done===
20:29:27 - __main__ - INFO - Multicast discovery message sent.
20:29:27 - __main__ - INFO - Sending request to http://172.17.0.2:8001/check_predecessor
20:29:27 - __main__ - DEBUG - Payload: {}
20:29:27 - __main__.stab - INFO - Stabilizing:
20:29:27 - __main__.stab - INFO - Current succesor is 172.17.0.3
20:29:27 - __main__.stab - INFO - Current predecesor is: 172.17.0.2
20:29:27 - __main__ - INFO - Sending request to http://172.17.0.3:8001/get_predecessor
20:29:27 - __main__ - DEBUG - From http://172.17.0.2:8001/check_predecessor recieved:
{'id': None, 'ip': None}
20:29:27 - __main__ - DEBUG - Payload: {}
20:29:27 - __main__.cp - INFO - ===Predecesor Checking Done===
20:29:27 - __main__ - DEBUG - From http://172.17.0.3:8001/get_predecessor recieved:
{'id': 475370831551898155779154965885400833172816669804, 'ip': '172.17.0.4'}
20:29:27 - __main__ - DEBUG - Get Predecesor Response:
{'id': 475370831551898155779154965885400833172816669804, 'ip': '172.17.0.4'}
20:29:27 - __main__.stab - INFO - ===STABILIZING DONE===
20:29:27 - __main__.rh - DEBUG - Request path /check_predecessor
20:29:27 - __main__.rh - DEBUG - Handling the following request 
{}
20:29:27 - __main__.ff - INFO - Updating The Finger Table
20:29:27 - __main__ - DEBUG - inbetween (k = 475370831551898155779154965885400833172818766956, start = 475370831551898155779154965885400833172816669804, end = 685966170926969970295131996809687121594286967556)
20:29:27 - __main__.ff - INFO - ===Finger Table Updating Done===
20:29:28 - __main__.rh - DEBUG - Request path /get_predecessor
20:29:28 - __main__.rh - DEBUG - Handling the following request 
{}
20:29:28 - __main__.rh - DEBUG - Response for get_predecesor request:
746391104433116747568177882827823675889216406543,172.17.0.2,8001
20:29:28 - __main__.ff - INFO - Updating The Finger Table
20:29:28 - __main__ - DEBUG - inbetween (k = 475370831551898155779154965885400833172820864108, start = 475370831551898155779154965885400833172816669804, end = 685966170926969970295131996809687121594286967556)
20:29:28 - __main__.ff - INFO - ===Finger Table Updating Done===
20:29:29 - __main__.ff - INFO - Updating The Finger Table
20:29:29 - __main__ - DEBUG - inbetween (k = 475370831551898155779154965885400833172825058412, start = 475370831551898155779154965885400833172816669804, end = 685966170926969970295131996809687121594286967556)
20:29:29 - __main__.ff - INFO - ===Finger Table Updating Done===
20:29:30 - __main__.ff - INFO - Updating The Finger Table
20:29:30 - __main__ - DEBUG - inbetween (k = 475370831551898155779154965885400833172833447020, start = 475370831551898155779154965885400833172816669804, end = 685966170926969970295131996809687121594286967556)
20:29:30 - __main__.ff - INFO - ===Finger Table Updating Done===
20:29:31 - __main__.ff - INFO - Updating The Finger Table
20:29:31 - __main__ - DEBUG - inbetween (k = 475370831551898155779154965885400833172850224236, start = 475370831551898155779154965885400833172816669804, end = 685966170926969970295131996809687121594286967556)
20:29:31 - __main__.ff - INFO - ===Finger Table Updating Done===
20:29:32 - __main__.ff - INFO - Updating The Finger Table
20:29:32 - __main__ - DEBUG - inbetween (k = 475370831551898155779154965885400833172883778668, start = 475370831551898155779154965885400833172816669804, end = 685966170926969970295131996809687121594286967556)
20:29:32 - __main__.ff - INFO - ===Finger Table Updating Done===
20:29:33 - __main__.ff - INFO - Updating The Finger Table
20:29:33 - __main__ - DEBUG - inbetween (k = 475370831551898155779154965885400833172950887532, start = 475370831551898155779154965885400833172816669804, end = 685966170926969970295131996809687121594286967556)
20:29:33 - __main__.ff - INFO - ===Finger Table Updating Done===
20:29:34 - __main__.ff - INFO - Updating The Finger Table
20:29:34 - __main__ - DEBUG - inbetween (k = 475370831551898155779154965885400833173085105260, start = 475370831551898155779154965885400833172816669804, end = 685966170926969970295131996809687121594286967556)
20:29:34 - __main__.ff - INFO - ===Finger Table Updating Done===
20:29:35 - __main__.ff - INFO - Updating The Finger Table
20:29:35 - __main__ - DEBUG - inbetween (k = 475370831551898155779154965885400833173353540716, start = 475370831551898155779154965885400833172816669804, end = 685966170926969970295131996809687121594286967556)
20:29:35 - __main__.ff - INFO - ===Finger Table Updating Done===
20:29:36 - __main__.ff - INFO - Updating The Finger Table
20:29:36 - __main__ - DEBUG - inbetween (k = 475370831551898155779154965885400833173890411628, start = 475370831551898155779154965885400833172816669804, end = 685966170926969970295131996809687121594286967556)
20:29:36 - __main__.ff - INFO - ===Finger Table Updating Done===
20:29:37 - __main__ - INFO - Multicast discovery message sent.
20:29:37 - __main__ - INFO - Sending request to http://172.17.0.2:8001/check_predecessor
20:29:37 - __main__ - DEBUG - Payload: {}
20:29:37 - __main__.stab - INFO - Stabilizing:
20:29:37 - __main__ - DEBUG - From http://172.17.0.2:8001/check_predecessor recieved:
{'id': None, 'ip': None}
20:29:37 - __main__.stab - INFO - Current succesor is 172.17.0.3
20:29:37 - __main__.cp - INFO - ===Predecesor Checking Done===
20:29:37 - __main__.stab - INFO - Current predecesor is: 172.17.0.2
20:29:37 - __main__ - INFO - Sending request to http://172.17.0.3:8001/get_predecessor
20:29:37 - __main__ - DEBUG - Payload: {}
20:29:37 - __main__.rh - DEBUG - Request path /check_predecessor
20:29:37 - __main__.rh - DEBUG - Handling the following request 
{}
20:29:37 - __main__ - DEBUG - From http://172.17.0.3:8001/get_predecessor recieved:
{'id': 475370831551898155779154965885400833172816669804, 'ip': '172.17.0.4'}
20:29:37 - __main__ - DEBUG - Get Predecesor Response:
{'id': 475370831551898155779154965885400833172816669804, 'ip': '172.17.0.4'}
20:29:37 - __main__.stab - INFO - ===STABILIZING DONE===
20:29:37 - __main__.ff - INFO - Updating The Finger Table
20:29:37 - __main__ - DEBUG - inbetween (k = 475370831551898155779154965885400833174964153452, start = 475370831551898155779154965885400833172816669804, end = 685966170926969970295131996809687121594286967556)
20:29:37 - __main__.ff - INFO - ===Finger Table Updating Done===
20:29:38 - __main__.rh - DEBUG - Request path /get_predecessor
20:29:38 - __main__.rh - DEBUG - Handling the following request 
{}
20:29:38 - __main__.rh - DEBUG - Response for get_predecesor request:
746391104433116747568177882827823675889216406543,172.17.0.2,8001
20:29:38 - __main__.ff - INFO - Updating The Finger Table
20:29:38 - __main__ - DEBUG - inbetween (k = 475370831551898155779154965885400833177111637100, start = 475370831551898155779154965885400833172816669804, end = 685966170926969970295131996809687121594286967556)
20:29:38 - __main__.ff - INFO - ===Finger Table Updating Done===
20:29:40 - __main__.ff - INFO - Updating The Finger Table
20:29:40 - __main__ - DEBUG - inbetween (k = 475370831551898155779154965885400833181406604396, start = 475370831551898155779154965885400833172816669804, end = 685966170926969970295131996809687121594286967556)
20:29:40 - __main__.ff - INFO - ===Finger Table Updating Done===
20:29:41 - __main__.ff - INFO - Updating The Finger Table
20:29:41 - __main__ - DEBUG - inbetween (k = 475370831551898155779154965885400833189996538988, start = 475370831551898155779154965885400833172816669804, end = 685966170926969970295131996809687121594286967556)
20:29:41 - __main__.ff - INFO - ===Finger Table Updating Done===
20:29:42 - __main__.ff - INFO - Updating The Finger Table
20:29:42 - __main__ - DEBUG - inbetween (k = 475370831551898155779154965885400833207176408172, start = 475370831551898155779154965885400833172816669804, end = 685966170926969970295131996809687121594286967556)
20:29:42 - __main__.ff - INFO - ===Finger Table Updating Done===
20:29:43 - __main__.ff - INFO - Updating The Finger Table
20:29:43 - __main__ - DEBUG - inbetween (k = 475370831551898155779154965885400833241536146540, start = 475370831551898155779154965885400833172816669804, end = 685966170926969970295131996809687121594286967556)
20:29:43 - __main__.ff - INFO - ===Finger Table Updating Done===
20:29:44 - __main__.ff - INFO - Updating The Finger Table
20:29:44 - __main__ - DEBUG - inbetween (k = 475370831551898155779154965885400833310255623276, start = 475370831551898155779154965885400833172816669804, end = 685966170926969970295131996809687121594286967556)
20:29:44 - __main__.ff - INFO - ===Finger Table Updating Done===
20:29:45 - __main__.ff - INFO - Updating The Finger Table
20:29:45 - __main__ - DEBUG - inbetween (k = 475370831551898155779154965885400833447694576748, start = 475370831551898155779154965885400833172816669804, end = 685966170926969970295131996809687121594286967556)
20:29:45 - __main__.ff - INFO - ===Finger Table Updating Done===
20:29:46 - __main__.ff - INFO - Updating The Finger Table
20:29:46 - __main__ - DEBUG - inbetween (k = 475370831551898155779154965885400833722572483692, start = 475370831551898155779154965885400833172816669804, end = 685966170926969970295131996809687121594286967556)
20:29:46 - __main__.ff - INFO - ===Finger Table Updating Done===
20:29:47 - __main__.ff - INFO - Updating The Finger Table
20:29:47 - __main__ - DEBUG - inbetween (k = 475370831551898155779154965885400834272328297580, start = 475370831551898155779154965885400833172816669804, end = 685966170926969970295131996809687121594286967556)
20:29:47 - __main__.ff - INFO - ===Finger Table Updating Done===
20:29:47 - __main__ - INFO - Multicast discovery message sent.
20:29:47 - __main__ - INFO - Sending request to http://172.17.0.2:8001/check_predecessor
20:29:47 - __main__ - DEBUG - Payload: {}
20:29:47 - __main__ - DEBUG - From http://172.17.0.2:8001/check_predecessor recieved:
{'id': None, 'ip': None}
20:29:47 - __main__.cp - INFO - ===Predecesor Checking Done===
20:29:47 - __main__.stab - INFO - Stabilizing:
20:29:47 - __main__.stab - INFO - Current succesor is 172.17.0.3
20:29:47 - __main__.stab - INFO - Current predecesor is: 172.17.0.2
20:29:47 - __main__ - INFO - Sending request to http://172.17.0.3:8001/get_predecessor
20:29:47 - __main__ - DEBUG - Payload: {}
20:29:47 - __main__.rh - DEBUG - Request path /check_predecessor
20:29:47 - __main__.rh - DEBUG - Handling the following request 
{}
20:29:47 - __main__ - DEBUG - From http://172.17.0.3:8001/get_predecessor recieved:
{'id': 475370831551898155779154965885400833172816669804, 'ip': '172.17.0.4'}
20:29:47 - __main__ - DEBUG - Get Predecesor Response:
{'id': 475370831551898155779154965885400833172816669804, 'ip': '172.17.0.4'}
20:29:47 - __main__.stab - INFO - ===STABILIZING DONE===
20:29:48 - __main__.ff - INFO - Updating The Finger Table
20:29:48 - __main__ - DEBUG - inbetween (k = 475370831551898155779154965885400835371839925356, start = 475370831551898155779154965885400833172816669804, end = 685966170926969970295131996809687121594286967556)
20:29:48 - __main__.ff - INFO - ===Finger Table Updating Done===
20:29:48 - __main__.rh - DEBUG - Request path /get_predecessor
20:29:48 - __main__.rh - DEBUG - Handling the following request 
{}
20:29:48 - __main__.rh - DEBUG - Response for get_predecesor request:
746391104433116747568177882827823675889216406543,172.17.0.2,8001
20:29:49 - __main__.ff - INFO - Updating The Finger Table
20:29:49 - __main__ - DEBUG - inbetween (k = 475370831551898155779154965885400837570863180908, start = 475370831551898155779154965885400833172816669804, end = 685966170926969970295131996809687121594286967556)
20:29:49 - __main__.ff - INFO - ===Finger Table Updating Done===
20:29:50 - __main__.ff - INFO - Updating The Finger Table
20:29:50 - __main__ - DEBUG - inbetween (k = 475370831551898155779154965885400841968909692012, start = 475370831551898155779154965885400833172816669804, end = 685966170926969970295131996809687121594286967556)
20:29:50 - __main__.ff - INFO - ===Finger Table Updating Done===
20:29:51 - __main__.ff - INFO - Updating The Finger Table
20:29:51 - __main__ - DEBUG - inbetween (k = 475370831551898155779154965885400850765002714220, start = 475370831551898155779154965885400833172816669804, end = 685966170926969970295131996809687121594286967556)
20:29:51 - __main__.ff - INFO - ===Finger Table Updating Done===
20:29:52 - __main__.ff - INFO - Updating The Finger Table
20:29:52 - __main__ - DEBUG - inbetween (k = 475370831551898155779154965885400868357188758636, start = 475370831551898155779154965885400833172816669804, end = 685966170926969970295131996809687121594286967556)
20:29:52 - __main__.ff - INFO - ===Finger Table Updating Done===
20:29:53 - __main__.ff - INFO - Updating The Finger Table
20:29:53 - __main__ - DEBUG - inbetween (k = 475370831551898155779154965885400903541560847468, start = 475370831551898155779154965885400833172816669804, end = 685966170926969970295131996809687121594286967556)
20:29:53 - __main__.ff - INFO - ===Finger Table Updating Done===
20:29:54 - __main__.ff - INFO - Updating The Finger Table
20:29:54 - __main__ - DEBUG - inbetween (k = 475370831551898155779154965885400973910305025132, start = 475370831551898155779154965885400833172816669804, end = 685966170926969970295131996809687121594286967556)
20:29:54 - __main__.ff - INFO - ===Finger Table Updating Done===
20:29:55 - __main__.ff - INFO - Updating The Finger Table
20:29:55 - __main__ - DEBUG - inbetween (k = 475370831551898155779154965885401114647793380460, start = 475370831551898155779154965885400833172816669804, end = 685966170926969970295131996809687121594286967556)
20:29:55 - __main__.ff - INFO - ===Finger Table Updating Done===
20:29:56 - __main__.ff - INFO - Updating The Finger Table
20:29:56 - __main__ - DEBUG - inbetween (k = 475370831551898155779154965885401396122770091116, start = 475370831551898155779154965885400833172816669804, end = 685966170926969970295131996809687121594286967556)
20:29:56 - __main__.ff - INFO - ===Finger Table Updating Done===
20:29:57 - __main__ - INFO - Multicast discovery message sent.
20:29:57 - __main__.ff - INFO - Updating The Finger Table
20:29:57 - __main__ - DEBUG - inbetween (k = 475370831551898155779154965885401959072723512428, start = 475370831551898155779154965885400833172816669804, end = 685966170926969970295131996809687121594286967556)
20:29:57 - __main__.ff - INFO - ===Finger Table Updating Done===
20:29:57 - __main__ - INFO - Sending request to http://172.17.0.2:8001/check_predecessor
20:29:57 - __main__ - DEBUG - Payload: {}
20:29:57 - __main__ - DEBUG - From http://172.17.0.2:8001/check_predecessor recieved:
{'id': None, 'ip': None}
20:29:57 - __main__.cp - INFO - ===Predecesor Checking Done===
20:29:57 - __main__.stab - INFO - Stabilizing:
20:29:57 - __main__.stab - INFO - Current succesor is 172.17.0.3
20:29:57 - __main__.stab - INFO - Current predecesor is: 172.17.0.2
20:29:57 - __main__ - INFO - Sending request to http://172.17.0.3:8001/get_predecessor
20:29:57 - __main__ - DEBUG - Payload: {}
20:29:57 - __main__.rh - DEBUG - Request path /check_predecessor
20:29:57 - __main__.rh - DEBUG - Handling the following request 
{}
20:29:57 - __main__ - DEBUG - From http://172.17.0.3:8001/get_predecessor recieved:
{'id': 475370831551898155779154965885400833172816669804, 'ip': '172.17.0.4'}
20:29:57 - __main__ - DEBUG - Get Predecesor Response:
{'id': 475370831551898155779154965885400833172816669804, 'ip': '172.17.0.4'}
20:29:57 - __main__.stab - INFO - ===STABILIZING DONE===
20:29:58 - __main__.ff - INFO - Updating The Finger Table
20:29:58 - __main__ - DEBUG - inbetween (k = 475370831551898155779154965885403084972630355052, start = 475370831551898155779154965885400833172816669804, end = 685966170926969970295131996809687121594286967556)
20:29:58 - __main__.ff - INFO - ===Finger Table Updating Done===
20:29:58 - __main__.rh - DEBUG - Request path /get_predecessor
20:29:58 - __main__.rh - DEBUG - Handling the following request 
{}
20:29:58 - __main__.rh - DEBUG - Response for get_predecesor request:
746391104433116747568177882827823675889216406543,172.17.0.2,8001
20:29:59 - __main__.ff - INFO - Updating The Finger Table
20:29:59 - __main__ - DEBUG - inbetween (k = 475370831551898155779154965885405336772444040300, start = 475370831551898155779154965885400833172816669804, end = 685966170926969970295131996809687121594286967556)
20:29:59 - __main__.ff - INFO - ===Finger Table Updating Done===
20:30:00 - __main__.ff - INFO - Updating The Finger Table
20:30:00 - __main__ - DEBUG - inbetween (k = 475370831551898155779154965885409840372071410796, start = 475370831551898155779154965885400833172816669804, end = 685966170926969970295131996809687121594286967556)
20:30:00 - __main__.ff - INFO - ===Finger Table Updating Done===
20:30:01 - __main__.ff - INFO - Updating The Finger Table
20:30:01 - __main__ - DEBUG - inbetween (k = 475370831551898155779154965885418847571326151788, start = 475370831551898155779154965885400833172816669804, end = 685966170926969970295131996809687121594286967556)
20:30:01 - __main__.ff - INFO - ===Finger Table Updating Done===
20:30:02 - __main__.ff - INFO - Updating The Finger Table
20:30:02 - __main__ - DEBUG - inbetween (k = 475370831551898155779154965885436861969835633772, start = 475370831551898155779154965885400833172816669804, end = 685966170926969970295131996809687121594286967556)
20:30:02 - __main__.ff - INFO - ===Finger Table Updating Done===
20:30:03 - __main__.ff - INFO - Updating The Finger Table
20:30:03 - __main__ - DEBUG - inbetween (k = 475370831551898155779154965885472890766854597740, start = 475370831551898155779154965885400833172816669804, end = 685966170926969970295131996809687121594286967556)
20:30:03 - __main__.ff - INFO - ===Finger Table Updating Done===
20:30:04 - __main__.ff - INFO - Updating The Finger Table
20:30:04 - __main__ - DEBUG - inbetween (k = 475370831551898155779154965885544948360892525676, start = 475370831551898155779154965885400833172816669804, end = 685966170926969970295131996809687121594286967556)
20:30:04 - __main__.ff - INFO - ===Finger Table Updating Done===
20:30:05 - __main__.ff - INFO - Updating The Finger Table
20:30:05 - __main__ - DEBUG - inbetween (k = 475370831551898155779154965885689063548968381548, start = 475370831551898155779154965885400833172816669804, end = 685966170926969970295131996809687121594286967556)
20:30:05 - __main__.ff - INFO - ===Finger Table Updating Done===
20:30:06 - __main__.ff - INFO - Updating The Finger Table
20:30:06 - __main__ - DEBUG - inbetween (k = 475370831551898155779154965885977293925120093292, start = 475370831551898155779154965885400833172816669804, end = 685966170926969970295131996809687121594286967556)
20:30:06 - __main__.ff - INFO - ===Finger Table Updating Done===
20:30:07 - __main__ - INFO - Multicast discovery message sent.
20:30:07 - __main__.ff - INFO - Updating The Finger Table
20:30:07 - __main__ - DEBUG - inbetween (k = 475370831551898155779154965886553754677423516780, start = 475370831551898155779154965885400833172816669804, end = 685966170926969970295131996809687121594286967556)
20:30:07 - __main__.ff - INFO - ===Finger Table Updating Done===
20:30:07 - __main__ - INFO - Sending request to http://172.17.0.2:8001/check_predecessor
20:30:07 - __main__ - DEBUG - Payload: {}
20:30:07 - __main__ - DEBUG - From http://172.17.0.2:8001/check_predecessor recieved:
{'id': None, 'ip': None}
20:30:07 - __main__.cp - INFO - ===Predecesor Checking Done===
20:30:07 - __main__.stab - INFO - Stabilizing:
20:30:07 - __main__.stab - INFO - Current succesor is 172.17.0.3
20:30:08 - __main__.stab - INFO - Current predecesor is: 172.17.0.2
20:30:08 - __main__ - INFO - Sending request to http://172.17.0.3:8001/get_predecessor
20:30:08 - __main__ - DEBUG - Payload: {}
20:30:07 - __main__.rh - DEBUG - Request path /check_predecessor
20:30:08 - __main__.rh - DEBUG - Handling the following request 
{}
20:30:08 - __main__ - DEBUG - From http://172.17.0.3:8001/get_predecessor recieved:
{'id': 475370831551898155779154965885400833172816669804, 'ip': '172.17.0.4'}
20:30:08 - __main__ - DEBUG - Get Predecesor Response:
{'id': 475370831551898155779154965885400833172816669804, 'ip': '172.17.0.4'}
20:30:08 - __main__.stab - INFO - ===STABILIZING DONE===
20:30:08 - __main__.rh - DEBUG - Request path /get_predecessor
20:30:08 - __main__.rh - DEBUG - Handling the following request 
{}
20:30:08 - __main__.rh - DEBUG - Response for get_predecesor request:
746391104433116747568177882827823675889216406543,172.17.0.2,8001
20:30:08 - __main__.ff - INFO - Updating The Finger Table
20:30:08 - __main__ - DEBUG - inbetween (k = 475370831551898155779154965887706676182030363756, start = 475370831551898155779154965885400833172816669804, end = 685966170926969970295131996809687121594286967556)
20:30:08 - __main__.ff - INFO - ===Finger Table Updating Done===
20:30:09 - __main__.ff - INFO - Updating The Finger Table
20:30:09 - __main__ - DEBUG - inbetween (k = 475370831551898155779154965890012519191244057708, start = 475370831551898155779154965885400833172816669804, end = 685966170926969970295131996809687121594286967556)
20:30:09 - __main__.ff - INFO - ===Finger Table Updating Done===
20:30:10 - __main__.ff - INFO - Updating The Finger Table
20:30:10 - __main__ - DEBUG - inbetween (k = 475370831551898155779154965894624205209671445612, start = 475370831551898155779154965885400833172816669804, end = 685966170926969970295131996809687121594286967556)
20:30:10 - __main__.ff - INFO - ===Finger Table Updating Done===
20:30:11 - __main__.ff - INFO - Updating The Finger Table
20:30:11 - __main__ - DEBUG - inbetween (k = 475370831551898155779154965903847577246526221420, start = 475370831551898155779154965885400833172816669804, end = 685966170926969970295131996809687121594286967556)
20:30:11 - __main__.ff - INFO - ===Finger Table Updating Done===
20:30:12 - __main__.ff - INFO - Updating The Finger Table
20:30:12 - __main__ - DEBUG - inbetween (k = 475370831551898155779154965922294321320235773036, start = 475370831551898155779154965885400833172816669804, end = 685966170926969970295131996809687121594286967556)
20:30:12 - __main__.ff - INFO - ===Finger Table Updating Done===
20:30:13 - __main__.ff - INFO - Updating The Finger Table
20:30:13 - __main__ - DEBUG - inbetween (k = 475370831551898155779154965959187809467654876268, start = 475370831551898155779154965885400833172816669804, end = 685966170926969970295131996809687121594286967556)
20:30:13 - __main__.ff - INFO - ===Finger Table Updating Done===
20:30:14 - __main__.ff - INFO - Updating The Finger Table
20:30:14 - __main__ - DEBUG - inbetween (k = 475370831551898155779154966032974785762493082732, start = 475370831551898155779154965885400833172816669804, end = 685966170926969970295131996809687121594286967556)
20:30:14 - __main__.ff - INFO - ===Finger Table Updating Done===
20:30:15 - __main__.ff - INFO - Updating The Finger Table
20:30:15 - __main__ - DEBUG - inbetween (k = 475370831551898155779154966180548738352169495660, start = 475370831551898155779154965885400833172816669804, end = 685966170926969970295131996809687121594286967556)
20:30:15 - __main__.ff - INFO - ===Finger Table Updating Done===
20:30:16 - __main__.ff - INFO - Updating The Finger Table
20:30:16 - __main__ - DEBUG - inbetween (k = 475370831551898155779154966475696643531522321516, start = 475370831551898155779154965885400833172816669804, end = 685966170926969970295131996809687121594286967556)
20:30:16 - __main__.ff - INFO - ===Finger Table Updating Done===
20:30:17 - __main__ - INFO - Multicast discovery message sent.
20:30:17 - __main__.ff - INFO - Updating The Finger Table
20:30:17 - __main__ - DEBUG - inbetween (k = 475370831551898155779154967065992453890227973228, start = 475370831551898155779154965885400833172816669804, end = 685966170926969970295131996809687121594286967556)
20:30:17 - __main__.ff - INFO - ===Finger Table Updating Done===
20:30:17 - __main__ - INFO - Sending request to http://172.17.0.2:8001/check_predecessor
20:30:17 - __main__ - DEBUG - Payload: {}
20:30:18 - __main__ - DEBUG - From http://172.17.0.2:8001/check_predecessor recieved:
{'id': None, 'ip': None}
20:30:18 - __main__.cp - INFO - ===Predecesor Checking Done===
20:30:18 - __main__.rh - DEBUG - Request path /check_predecessor
20:30:18 - __main__.rh - DEBUG - Handling the following request 
{}
20:30:18 - __main__.stab - INFO - Stabilizing:
20:30:18 - __main__.stab - INFO - Current succesor is 172.17.0.3
20:30:18 - __main__.stab - INFO - Current predecesor is: 172.17.0.2
20:30:18 - __main__ - INFO - Sending request to http://172.17.0.3:8001/get_predecessor
20:30:18 - __main__ - DEBUG - Payload: {}
20:30:18 - __main__ - DEBUG - From http://172.17.0.3:8001/get_predecessor recieved:
{'id': 475370831551898155779154965885400833172816669804, 'ip': '172.17.0.4'}
20:30:18 - __main__ - DEBUG - Get Predecesor Response:
{'id': 475370831551898155779154965885400833172816669804, 'ip': '172.17.0.4'}
20:30:18 - __main__.stab - INFO - ===STABILIZING DONE===
20:30:18 - __main__.rh - DEBUG - Request path /get_predecessor
20:30:18 - __main__.rh - DEBUG - Handling the following request 
{}
20:30:18 - __main__.rh - DEBUG - Response for get_predecesor request:
746391104433116747568177882827823675889216406543,172.17.0.2,8001
20:30:18 - __main__.ff - INFO - Updating The Finger Table
20:30:18 - __main__ - DEBUG - inbetween (k = 475370831551898155779154968246584074607639276652, start = 475370831551898155779154965885400833172816669804, end = 685966170926969970295131996809687121594286967556)
20:30:18 - __main__.ff - INFO - ===Finger Table Updating Done===
20:30:19 - __main__.ff - INFO - Updating The Finger Table
20:30:19 - __main__ - DEBUG - inbetween (k = 475370831551898155779154970607767316042461883500, start = 475370831551898155779154965885400833172816669804, end = 685966170926969970295131996809687121594286967556)
20:30:19 - __main__.ff - INFO - ===Finger Table Updating Done===
20:30:20 - __main__.ff - INFO - Updating The Finger Table
20:30:20 - __main__ - DEBUG - inbetween (k = 475370831551898155779154975330133798912107097196, start = 475370831551898155779154965885400833172816669804, end = 685966170926969970295131996809687121594286967556)
20:30:20 - __main__.ff - INFO - ===Finger Table Updating Done===
20:30:21 - __main__.ff - INFO - Updating The Finger Table
20:30:21 - __main__ - DEBUG - inbetween (k = 475370831551898155779154984774866764651397524588, start = 475370831551898155779154965885400833172816669804, end = 685966170926969970295131996809687121594286967556)
20:30:21 - __main__.ff - INFO - ===Finger Table Updating Done===
20:30:22 - __main__.ff - INFO - Updating The Finger Table
20:30:22 - __main__ - DEBUG - inbetween (k = 475370831551898155779155003664332696129978379372, start = 475370831551898155779154965885400833172816669804, end = 685966170926969970295131996809687121594286967556)
20:30:22 - __main__.ff - INFO - ===Finger Table Updating Done===
20:30:23 - __main__.ff - INFO - Updating The Finger Table
20:30:23 - __main__ - DEBUG - inbetween (k = 475370831551898155779155041443264559087140088940, start = 475370831551898155779154965885400833172816669804, end = 685966170926969970295131996809687121594286967556)
20:30:23 - __main__.ff - INFO - ===Finger Table Updating Done===
20:30:24 - __main__.ff - INFO - Updating The Finger Table
20:30:24 - __main__ - DEBUG - inbetween (k = 475370831551898155779155117001128285001463508076, start = 475370831551898155779154965885400833172816669804, end = 685966170926969970295131996809687121594286967556)
20:30:24 - __main__.ff - INFO - ===Finger Table Updating Done===
20:30:25 - __main__.ff - INFO - Updating The Finger Table
20:30:26 - __main__ - DEBUG - inbetween (k = 475370831551898155779155268116855736830110346348, start = 475370831551898155779154965885400833172816669804, end = 685966170926969970295131996809687121594286967556)
20:30:26 - __main__.ff - INFO - ===Finger Table Updating Done===
20:30:27 - __main__.ff - INFO - Updating The Finger Table
20:30:27 - __main__ - DEBUG - inbetween (k = 475370831551898155779155570348310640487404022892, start = 475370831551898155779154965885400833172816669804, end = 685966170926969970295131996809687121594286967556)
20:30:27 - __main__.ff - INFO - ===Finger Table Updating Done===
20:30:27 - __main__ - INFO - Multicast discovery message sent.
20:30:28 - __main__ - INFO - Sending request to http://172.17.0.2:8001/check_predecessor
20:30:28 - __main__ - DEBUG - Payload: {}
20:30:28 - __main__.ff - INFO - Updating The Finger Table
20:30:28 - __main__ - DEBUG - inbetween (k = 475370831551898155779156174811220447801991375980, start = 475370831551898155779154965885400833172816669804, end = 685966170926969970295131996809687121594286967556)
20:30:28 - __main__.ff - INFO - ===Finger Table Updating Done===
20:30:28 - __main__ - DEBUG - From http://172.17.0.2:8001/check_predecessor recieved:
{'id': None, 'ip': None}
20:30:28 - __main__.cp - INFO - ===Predecesor Checking Done===
20:30:28 - __main__.rh - DEBUG - Request path /check_predecessor
20:30:28 - __main__.rh - DEBUG - Handling the following request 
{}
20:30:28 - __main__.stab - INFO - Stabilizing:
20:30:28 - __main__.stab - INFO - Current succesor is 172.17.0.3
20:30:28 - __main__.stab - INFO - Current predecesor is: 172.17.0.2
20:30:28 - __main__ - INFO - Sending request to http://172.17.0.3:8001/get_predecessor
20:30:28 - __main__ - DEBUG - Payload: {}
20:30:28 - __main__ - DEBUG - From http://172.17.0.3:8001/get_predecessor recieved:
{'id': 475370831551898155779154965885400833172816669804, 'ip': '172.17.0.4'}
20:30:28 - __main__ - DEBUG - Get Predecesor Response:
{'id': 475370831551898155779154965885400833172816669804, 'ip': '172.17.0.4'}
20:30:28 - __main__.stab - INFO - ===STABILIZING DONE===
20:30:28 - __main__.rh - DEBUG - Request path /get_predecessor
20:30:28 - __main__.rh - DEBUG - Handling the following request 
{}
20:30:28 - __main__.rh - DEBUG - Response for get_predecesor request:
746391104433116747568177882827823675889216406543,172.17.0.2,8001
20:30:29 - __main__.ff - INFO - Updating The Finger Table
20:30:29 - __main__ - DEBUG - inbetween (k = 475370831551898155779157383737040062431166082156, start = 475370831551898155779154965885400833172816669804, end = 685966170926969970295131996809687121594286967556)
20:30:29 - __main__.ff - INFO - ===Finger Table Updating Done===
20:30:30 - __main__.ff - INFO - Updating The Finger Table
20:30:30 - __main__ - DEBUG - inbetween (k = 475370831551898155779159801588679291689515494508, start = 475370831551898155779154965885400833172816669804, end = 685966170926969970295131996809687121594286967556)
20:30:30 - __main__.ff - INFO - ===Finger Table Updating Done===
20:30:31 - __main__.ff - INFO - Updating The Finger Table
20:30:31 - __main__ - DEBUG - inbetween (k = 475370831551898155779164637291957750206214319212, start = 475370831551898155779154965885400833172816669804, end = 685966170926969970295131996809687121594286967556)
20:30:31 - __main__.ff - INFO - ===Finger Table Updating Done===
20:30:32 - __main__.ff - INFO - Updating The Finger Table
20:30:32 - __main__ - DEBUG - inbetween (k = 475370831551898155779174308698514667239611968620, start = 475370831551898155779154965885400833172816669804, end = 685966170926969970295131996809687121594286967556)
20:30:32 - __main__.ff - INFO - ===Finger Table Updating Done===
20:30:33 - __main__.ff - INFO - Updating The Finger Table
20:30:33 - __main__ - DEBUG - inbetween (k = 475370831551898155779193651511628501306407267436, start = 475370831551898155779154965885400833172816669804, end = 685966170926969970295131996809687121594286967556)
20:30:33 - __main__.ff - INFO - ===Finger Table Updating Done===
20:30:34 - __main__.ff - INFO - Updating The Finger Table
20:30:34 - __main__ - DEBUG - inbetween (k = 475370831551898155779232337137856169439997865068, start = 475370831551898155779154965885400833172816669804, end = 685966170926969970295131996809687121594286967556)
20:30:34 - __main__.ff - INFO - ===Finger Table Updating Done===
20:30:35 - __main__.ff - INFO - Updating The Finger Table
20:30:35 - __main__ - DEBUG - inbetween (k = 475370831551898155779309708390311505707179060332, start = 475370831551898155779154965885400833172816669804, end = 685966170926969970295131996809687121594286967556)
20:30:35 - __main__.ff - INFO - ===Finger Table Updating Done===
20:30:36 - __main__.ff - INFO - Updating The Finger Table
20:30:36 - __main__ - DEBUG - inbetween (k = 475370831551898155779464450895222178241541450860, start = 475370831551898155779154965885400833172816669804, end = 685966170926969970295131996809687121594286967556)
20:30:36 - __main__.ff - INFO - ===Finger Table Updating Done===
20:30:37 - __main__.ff - INFO - Updating The Finger Table
20:30:37 - __main__ - DEBUG - inbetween (k = 475370831551898155779773935905043523310266231916, start = 475370831551898155779154965885400833172816669804, end = 685966170926969970295131996809687121594286967556)
20:30:37 - __main__.ff - INFO - ===Finger Table Updating Done===
20:30:37 - __main__ - INFO - Multicast discovery message sent.
20:30:38 - __main__ - INFO - Sending request to http://172.17.0.2:8001/check_predecessor
20:30:38 - __main__ - DEBUG - Payload: {}
20:30:38 - __main__ - DEBUG - From http://172.17.0.2:8001/check_predecessor recieved:
{'id': None, 'ip': None}
20:30:38 - __main__.cp - INFO - ===Predecesor Checking Done===
20:30:38 - __main__.rh - DEBUG - Request path /check_predecessor
20:30:38 - __main__.rh - DEBUG - Handling the following request 
{}
20:30:38 - __main__.ff - INFO - Updating The Finger Table
20:30:38 - __main__ - DEBUG - inbetween (k = 475370831551898155780392905924686213447715794028, start = 475370831551898155779154965885400833172816669804, end = 685966170926969970295131996809687121594286967556)
20:30:38 - __main__.ff - INFO - ===Finger Table Updating Done===
20:30:38 - __main__.stab - INFO - Stabilizing:
20:30:38 - __main__.stab - INFO - Current succesor is 172.17.0.3
20:30:38 - __main__.stab - INFO - Current predecesor is: 172.17.0.2
20:30:38 - __main__ - INFO - Sending request to http://172.17.0.3:8001/get_predecessor
20:30:38 - __main__ - DEBUG - Payload: {}
20:30:38 - __main__ - DEBUG - From http://172.17.0.3:8001/get_predecessor recieved:
{'id': 475370831551898155779154965885400833172816669804, 'ip': '172.17.0.4'}
20:30:38 - __main__ - DEBUG - Get Predecesor Response:
{'id': 475370831551898155779154965885400833172816669804, 'ip': '172.17.0.4'}
20:30:38 - __main__.stab - INFO - ===STABILIZING DONE===
20:30:38 - __main__.rh - DEBUG - Request path /get_predecessor
20:30:38 - __main__.rh - DEBUG - Handling the following request 
{}
20:30:38 - __main__.rh - DEBUG - Response for get_predecesor request:
746391104433116747568177882827823675889216406543,172.17.0.2,8001
20:30:39 - __main__.ff - INFO - Updating The Finger Table
20:30:39 - __main__ - DEBUG - inbetween (k = 475370831551898155781630845963971593722614918252, start = 475370831551898155779154965885400833172816669804, end = 685966170926969970295131996809687121594286967556)
20:30:39 - __main__.ff - INFO - ===Finger Table Updating Done===
