18:58:16 - __main__.mc - INFO - Receiving multicast messages from 224.1.1.3 for role gateway
18:58:26 - __main__.mc - INFO - No discovery message received within the timeout of 10 seconds.
18:58:31 - __main__.mc - INFO - Receiving multicast messages from 224.1.1.3 for role gateway
18:58:41 - __main__.mc - INFO - No discovery message received within the timeout of 10 seconds.
18:58:46 - __main__.gw - INFO - No other node node discovered.
18:58:46 - __main__.gw - INFO - ===CHECKING LEADER===
18:58:46 - __main__.gw - ERROR - Error in leader check: 'Gateway' object has no attribute 'id'
18:58:46 - __main__.gw - INFO - ===LEADER CHECK DONE===
18:58:56 - __main__.gw - INFO - ===CHECKING LEADER===
18:58:56 - __main__.gw - ERROR - Error in leader check: 'Gateway' object has no attribute 'id'
18:58:56 - __main__.gw - INFO - ===LEADER CHECK DONE===
18:59:06 - __main__.gw - INFO - ===CHECKING LEADER===
18:59:06 - __main__.gw - ERROR - Error in leader check: 'Gateway' object has no attribute 'id'
18:59:06 - __main__.gw - INFO - ===LEADER CHECK DONE===
18:59:16 - __main__.gw - INFO - ===CHECKING LEADER===
18:59:16 - __main__.gw - ERROR - Error in leader check: 'Gateway' object has no attribute 'id'
18:59:16 - __main__.gw - INFO - ===LEADER CHECK DONE===
18:59:26 - __main__.gw - INFO - ===CHECKING LEADER===
18:59:26 - __main__.gw - ERROR - Error in leader check: 'Gateway' object has no attribute 'id'
18:59:26 - __main__.gw - INFO - ===LEADER CHECK DONE===
18:59:36 - __main__.gw - INFO - ===CHECKING LEADER===
18:59:36 - __main__.gw - ERROR - Error in leader check: 'Gateway' object has no attribute 'id'
18:59:36 - __main__.gw - INFO - ===LEADER CHECK DONE===
18:59:46 - __main__.gw - INFO - ===CHECKING LEADER===
18:59:46 - __main__.gw - ERROR - Error in leader check: 'Gateway' object has no attribute 'id'
18:59:46 - __main__.gw - INFO - ===LEADER CHECK DONE===
18:59:56 - __main__.gw - INFO - ===CHECKING LEADER===
18:59:56 - __main__.gw - ERROR - Error in leader check: 'Gateway' object has no attribute 'id'
18:59:56 - __main__.gw - INFO - ===LEADER CHECK DONE===
19:00:06 - __main__.gw - INFO - ===CHECKING LEADER===
19:00:06 - __main__.gw - ERROR - Error in leader check: 'Gateway' object has no attribute 'id'
19:00:06 - __main__.gw - INFO - ===LEADER CHECK DONE===
19:00:16 - __main__.gw - INFO - ===CHECKING LEADER===
19:00:16 - __main__.gw - ERROR - Error in leader check: 'Gateway' object has no attribute 'id'
19:00:16 - __main__.gw - INFO - ===LEADER CHECK DONE===
19:00:26 - __main__.gw - INFO - ===CHECKING LEADER===
19:00:26 - __main__.gw - ERROR - Error in leader check: 'Gateway' object has no attribute 'id'
19:00:26 - __main__.gw - INFO - ===LEADER CHECK DONE===
19:00:36 - __main__.gw - INFO - ===CHECKING LEADER===
19:00:36 - __main__.gw - ERROR - Error in leader check: 'Gateway' object has no attribute 'id'
19:00:36 - __main__.gw - INFO - ===LEADER CHECK DONE===
19:00:46 - __main__.gw - INFO - ===CHECKING LEADER===
19:00:46 - __main__.gw - ERROR - Error in leader check: 'Gateway' object has no attribute 'id'
19:00:46 - __main__.gw - INFO - ===LEADER CHECK DONE===
19:00:56 - __main__.gw - INFO - ===CHECKING LEADER===
19:00:56 - __main__.gw - ERROR - Error in leader check: 'Gateway' object has no attribute 'id'
19:00:56 - __main__.gw - INFO - ===LEADER CHECK DONE===
19:01:06 - __main__.gw - INFO - ===CHECKING LEADER===
19:01:06 - __main__.gw - ERROR - Error in leader check: 'Gateway' object has no attribute 'id'
19:01:06 - __main__.gw - INFO - ===LEADER CHECK DONE===
19:01:16 - __main__.gw - INFO - ===CHECKING LEADER===
19:01:16 - __main__.gw - ERROR - Error in leader check: 'Gateway' object has no attribute 'id'
19:01:16 - __main__.gw - INFO - ===LEADER CHECK DONE===
19:01:26 - __main__.gw - INFO - ===CHECKING LEADER===
19:01:26 - __main__.gw - ERROR - Error in leader check: 'Gateway' object has no attribute 'id'
19:01:26 - __main__.gw - INFO - ===LEADER CHECK DONE===
19:01:36 - __main__.gw - INFO - ===CHECKING LEADER===
19:01:36 - __main__.gw - ERROR - Error in leader check: 'Gateway' object has no attribute 'id'
19:01:36 - __main__.gw - INFO - ===LEADER CHECK DONE===
19:01:46 - __main__.gw - INFO - ===CHECKING LEADER===
19:01:46 - __main__.gw - ERROR - Error in leader check: 'Gateway' object has no attribute 'id'
19:01:46 - __main__.gw - INFO - ===LEADER CHECK DONE===
19:01:56 - __main__.gw - INFO - ===CHECKING LEADER===
19:01:56 - __main__.gw - ERROR - Error in leader check: 'Gateway' object has no attribute 'id'
19:01:56 - __main__.gw - INFO - ===LEADER CHECK DONE===
19:02:06 - __main__.gw - INFO - ===CHECKING LEADER===
19:02:06 - __main__.gw - ERROR - Error in leader check: 'Gateway' object has no attribute 'id'
19:02:06 - __main__.gw - INFO - ===LEADER CHECK DONE===
19:02:17 - __main__.gw - INFO - ===CHECKING LEADER===
19:02:17 - __main__.gw - ERROR - Error in leader check: 'Gateway' object has no attribute 'id'
19:02:17 - __main__.gw - INFO - ===LEADER CHECK DONE===
19:02:27 - __main__.gw - INFO - ===CHECKING LEADER===
19:02:27 - __main__.gw - ERROR - Error in leader check: 'Gateway' object has no attribute 'id'
19:02:27 - __main__.gw - INFO - ===LEADER CHECK DONE===
19:02:37 - __main__.gw - INFO - ===CHECKING LEADER===
19:02:37 - __main__.gw - ERROR - Error in leader check: 'Gateway' object has no attribute 'id'
19:02:37 - __main__.gw - INFO - ===LEADER CHECK DONE===
19:02:47 - __main__.gw - INFO - ===CHECKING LEADER===
19:02:47 - __main__.gw - ERROR - Error in leader check: 'Gateway' object has no attribute 'id'
19:02:47 - __main__.gw - INFO - ===LEADER CHECK DONE===
19:02:57 - __main__.gw - INFO - ===CHECKING LEADER===
19:02:57 - __main__.gw - ERROR - Error in leader check: 'Gateway' object has no attribute 'id'
19:02:57 - __main__.gw - INFO - ===LEADER CHECK DONE===
19:03:07 - __main__.gw - INFO - ===CHECKING LEADER===
19:03:07 - __main__.gw - ERROR - Error in leader check: 'Gateway' object has no attribute 'id'
19:03:07 - __main__.gw - INFO - ===LEADER CHECK DONE===
19:03:17 - __main__.gw - INFO - ===CHECKING LEADER===
19:03:17 - __main__.gw - ERROR - Error in leader check: 'Gateway' object has no attribute 'id'
19:03:17 - __main__.gw - INFO - ===LEADER CHECK DONE===
19:03:27 - __main__.gw - INFO - ===CHECKING LEADER===
19:03:27 - __main__.gw - ERROR - Error in leader check: 'Gateway' object has no attribute 'id'
19:03:27 - __main__.gw - INFO - ===LEADER CHECK DONE===
19:03:37 - __main__.gw - INFO - ===CHECKING LEADER===
19:03:37 - __main__.gw - ERROR - Error in leader check: 'Gateway' object has no attribute 'id'
19:03:37 - __main__.gw - INFO - ===LEADER CHECK DONE===
19:03:47 - __main__.gw - INFO - ===CHECKING LEADER===
19:03:47 - __main__.gw - ERROR - Error in leader check: 'Gateway' object has no attribute 'id'
19:03:47 - __main__.gw - INFO - ===LEADER CHECK DONE===
19:03:57 - __main__.gw - INFO - ===CHECKING LEADER===
19:03:57 - __main__.gw - ERROR - Error in leader check: 'Gateway' object has no attribute 'id'
19:03:57 - __main__.gw - INFO - ===LEADER CHECK DONE===
19:04:07 - __main__.gw - INFO - ===CHECKING LEADER===
19:04:07 - __main__.gw - ERROR - Error in leader check: 'Gateway' object has no attribute 'id'
19:04:07 - __main__.gw - INFO - ===LEADER CHECK DONE===
19:04:17 - __main__.gw - INFO - ===CHECKING LEADER===
19:04:17 - __main__.gw - ERROR - Error in leader check: 'Gateway' object has no attribute 'id'
19:04:17 - __main__.gw - INFO - ===LEADER CHECK DONE===
19:04:27 - __main__.gw - INFO - ===CHECKING LEADER===
19:04:27 - __main__.gw - ERROR - Error in leader check: 'Gateway' object has no attribute 'id'
19:04:27 - __main__.gw - INFO - ===LEADER CHECK DONE===
19:04:37 - __main__.gw - INFO - ===CHECKING LEADER===
19:04:37 - __main__.gw - ERROR - Error in leader check: 'Gateway' object has no attribute 'id'
19:04:37 - __main__.gw - INFO - ===LEADER CHECK DONE===
19:04:47 - __main__.gw - INFO - ===CHECKING LEADER===
19:04:47 - __main__.gw - ERROR - Error in leader check: 'Gateway' object has no attribute 'id'
19:04:47 - __main__.gw - INFO - ===LEADER CHECK DONE===
19:04:57 - __main__.gw - INFO - ===CHECKING LEADER===
19:04:57 - __main__.gw - ERROR - Error in leader check: 'Gateway' object has no attribute 'id'
19:04:57 - __main__.gw - INFO - ===LEADER CHECK DONE===
19:05:07 - __main__.gw - INFO - ===CHECKING LEADER===
19:05:07 - __main__.gw - ERROR - Error in leader check: 'Gateway' object has no attribute 'id'
19:05:07 - __main__.gw - INFO - ===LEADER CHECK DONE===
19:05:17 - __main__.gw - INFO - ===CHECKING LEADER===
19:05:17 - __main__.gw - ERROR - Error in leader check: 'Gateway' object has no attribute 'id'
19:05:17 - __main__.gw - INFO - ===LEADER CHECK DONE===
19:05:27 - __main__.gw - INFO - ===CHECKING LEADER===
19:05:27 - __main__.gw - ERROR - Error in leader check: 'Gateway' object has no attribute 'id'
19:05:27 - __main__.gw - INFO - ===LEADER CHECK DONE===
19:05:37 - __main__.gw - INFO - ===CHECKING LEADER===
19:05:37 - __main__.gw - ERROR - Error in leader check: 'Gateway' object has no attribute 'id'
19:05:37 - __main__.gw - INFO - ===LEADER CHECK DONE===
19:05:47 - __main__.gw - INFO - ===CHECKING LEADER===
19:05:47 - __main__.gw - ERROR - Error in leader check: 'Gateway' object has no attribute 'id'
19:05:47 - __main__.gw - INFO - ===LEADER CHECK DONE===
19:05:57 - __main__.gw - INFO - ===CHECKING LEADER===
19:05:57 - __main__.gw - ERROR - Error in leader check: 'Gateway' object has no attribute 'id'
19:05:57 - __main__.gw - INFO - ===LEADER CHECK DONE===
19:06:07 - __main__.gw - INFO - ===CHECKING LEADER===
19:06:07 - __main__.gw - ERROR - Error in leader check: 'Gateway' object has no attribute 'id'
19:06:07 - __main__.gw - INFO - ===LEADER CHECK DONE===
19:06:17 - __main__.gw - INFO - ===CHECKING LEADER===
19:06:17 - __main__.gw - ERROR - Error in leader check: 'Gateway' object has no attribute 'id'
19:06:17 - __main__.gw - INFO - ===LEADER CHECK DONE===
19:06:27 - __main__.gw - INFO - ===CHECKING LEADER===
19:06:27 - __main__.gw - ERROR - Error in leader check: 'Gateway' object has no attribute 'id'
19:06:27 - __main__.gw - INFO - ===LEADER CHECK DONE===
19:06:37 - __main__.gw - INFO - ===CHECKING LEADER===
19:06:37 - __main__.gw - ERROR - Error in leader check: 'Gateway' object has no attribute 'id'
19:06:37 - __main__.gw - INFO - ===LEADER CHECK DONE===
19:06:47 - __main__.gw - INFO - ===CHECKING LEADER===
19:06:47 - __main__.gw - ERROR - Error in leader check: 'Gateway' object has no attribute 'id'
19:06:47 - __main__.gw - INFO - ===LEADER CHECK DONE===
19:06:57 - __main__.gw - INFO - ===CHECKING LEADER===
19:06:57 - __main__.gw - ERROR - Error in leader check: 'Gateway' object has no attribute 'id'
19:06:57 - __main__.gw - INFO - ===LEADER CHECK DONE===
19:07:07 - __main__.gw - INFO - ===CHECKING LEADER===
19:07:07 - __main__.gw - ERROR - Error in leader check: 'Gateway' object has no attribute 'id'
19:07:07 - __main__.gw - INFO - ===LEADER CHECK DONE===
19:07:17 - __main__.gw - INFO - ===CHECKING LEADER===
19:07:17 - __main__.gw - ERROR - Error in leader check: 'Gateway' object has no attribute 'id'
19:07:17 - __main__.gw - INFO - ===LEADER CHECK DONE===
19:07:27 - __main__.gw - INFO - ===CHECKING LEADER===
19:07:27 - __main__.gw - ERROR - Error in leader check: 'Gateway' object has no attribute 'id'
19:07:27 - __main__.gw - INFO - ===LEADER CHECK DONE===
19:07:37 - __main__.gw - INFO - ===CHECKING LEADER===
19:07:37 - __main__.gw - ERROR - Error in leader check: 'Gateway' object has no attribute 'id'
19:07:37 - __main__.gw - INFO - ===LEADER CHECK DONE===
19:07:47 - __main__.gw - INFO - ===CHECKING LEADER===
19:07:47 - __main__.gw - ERROR - Error in leader check: 'Gateway' object has no attribute 'id'
19:07:47 - __main__.gw - INFO - ===LEADER CHECK DONE===
19:07:57 - __main__.gw - INFO - ===CHECKING LEADER===
19:07:57 - __main__.gw - ERROR - Error in leader check: 'Gateway' object has no attribute 'id'
19:07:57 - __main__.gw - INFO - ===LEADER CHECK DONE===
19:08:07 - __main__.gw - INFO - ===CHECKING LEADER===
19:08:07 - __main__.gw - ERROR - Error in leader check: 'Gateway' object has no attribute 'id'
19:08:07 - __main__.gw - INFO - ===LEADER CHECK DONE===
19:08:17 - __main__.gw - INFO - ===CHECKING LEADER===
19:08:17 - __main__.gw - ERROR - Error in leader check: 'Gateway' object has no attribute 'id'
19:08:17 - __main__.gw - INFO - ===LEADER CHECK DONE===
19:08:27 - __main__.gw - INFO - ===CHECKING LEADER===
19:08:27 - __main__.gw - ERROR - Error in leader check: 'Gateway' object has no attribute 'id'
19:08:27 - __main__.gw - INFO - ===LEADER CHECK DONE===
19:08:37 - __main__.gw - INFO - ===CHECKING LEADER===
19:08:37 - __main__.gw - ERROR - Error in leader check: 'Gateway' object has no attribute 'id'
19:08:37 - __main__.gw - INFO - ===LEADER CHECK DONE===
19:08:47 - __main__.gw - INFO - ===CHECKING LEADER===
19:08:47 - __main__.gw - ERROR - Error in leader check: 'Gateway' object has no attribute 'id'
19:08:47 - __main__.gw - INFO - ===LEADER CHECK DONE===
19:08:57 - __main__.gw - INFO - ===CHECKING LEADER===
19:08:57 - __main__.gw - ERROR - Error in leader check: 'Gateway' object has no attribute 'id'
19:08:57 - __main__.gw - INFO - ===LEADER CHECK DONE===
19:09:07 - __main__.gw - INFO - ===CHECKING LEADER===
19:09:07 - __main__.gw - ERROR - Error in leader check: 'Gateway' object has no attribute 'id'
19:09:07 - __main__.gw - INFO - ===LEADER CHECK DONE===
19:09:17 - __main__.gw - INFO - ===CHECKING LEADER===
19:09:17 - __main__.gw - ERROR - Error in leader check: 'Gateway' object has no attribute 'id'
19:09:17 - __main__.gw - INFO - ===LEADER CHECK DONE===
19:09:27 - __main__.gw - INFO - ===CHECKING LEADER===
19:09:27 - __main__.gw - ERROR - Error in leader check: 'Gateway' object has no attribute 'id'
19:09:27 - __main__.gw - INFO - ===LEADER CHECK DONE===
19:09:37 - __main__.gw - INFO - ===CHECKING LEADER===
19:09:37 - __main__.gw - ERROR - Error in leader check: 'Gateway' object has no attribute 'id'
19:09:37 - __main__.gw - INFO - ===LEADER CHECK DONE===
19:09:47 - __main__.gw - INFO - ===CHECKING LEADER===
19:09:47 - __main__.gw - ERROR - Error in leader check: 'Gateway' object has no attribute 'id'
19:09:47 - __main__.gw - INFO - ===LEADER CHECK DONE===
19:09:57 - __main__.gw - INFO - ===CHECKING LEADER===
19:09:57 - __main__.gw - ERROR - Error in leader check: 'Gateway' object has no attribute 'id'
19:09:57 - __main__.gw - INFO - ===LEADER CHECK DONE===
19:10:07 - __main__.gw - INFO - ===CHECKING LEADER===
19:10:07 - __main__.gw - ERROR - Error in leader check: 'Gateway' object has no attribute 'id'
19:10:07 - __main__.gw - INFO - ===LEADER CHECK DONE===
19:10:17 - __main__.gw - INFO - ===CHECKING LEADER===
19:10:17 - __main__.gw - ERROR - Error in leader check: 'Gateway' object has no attribute 'id'
19:10:17 - __main__.gw - INFO - ===LEADER CHECK DONE===
19:10:27 - __main__.gw - INFO - ===CHECKING LEADER===
19:10:27 - __main__.gw - ERROR - Error in leader check: 'Gateway' object has no attribute 'id'
19:10:27 - __main__.gw - INFO - ===LEADER CHECK DONE===
19:10:37 - __main__.gw - INFO - ===CHECKING LEADER===
19:10:37 - __main__.gw - ERROR - Error in leader check: 'Gateway' object has no attribute 'id'
19:10:37 - __main__.gw - INFO - ===LEADER CHECK DONE===
19:10:47 - __main__.gw - INFO - ===CHECKING LEADER===
19:10:47 - __main__.gw - ERROR - Error in leader check: 'Gateway' object has no attribute 'id'
19:10:47 - __main__.gw - INFO - ===LEADER CHECK DONE===
19:10:57 - __main__.gw - INFO - ===CHECKING LEADER===
19:10:57 - __main__.gw - ERROR - Error in leader check: 'Gateway' object has no attribute 'id'
19:10:57 - __main__.gw - INFO - ===LEADER CHECK DONE===
19:11:07 - __main__.gw - INFO - ===CHECKING LEADER===
19:11:07 - __main__.gw - ERROR - Error in leader check: 'Gateway' object has no attribute 'id'
19:11:07 - __main__.gw - INFO - ===LEADER CHECK DONE===
19:11:17 - __main__.gw - INFO - ===CHECKING LEADER===
19:11:17 - __main__.gw - ERROR - Error in leader check: 'Gateway' object has no attribute 'id'
19:11:17 - __main__.gw - INFO - ===LEADER CHECK DONE===
19:11:27 - __main__.gw - INFO - ===CHECKING LEADER===
19:11:27 - __main__.gw - ERROR - Error in leader check: 'Gateway' object has no attribute 'id'
19:11:27 - __main__.gw - INFO - ===LEADER CHECK DONE===
19:11:37 - __main__.gw - INFO - ===CHECKING LEADER===
19:11:37 - __main__.gw - ERROR - Error in leader check: 'Gateway' object has no attribute 'id'
19:11:37 - __main__.gw - INFO - ===LEADER CHECK DONE===
19:11:47 - __main__.gw - INFO - ===CHECKING LEADER===
19:11:47 - __main__.gw - ERROR - Error in leader check: 'Gateway' object has no attribute 'id'
19:11:47 - __main__.gw - INFO - ===LEADER CHECK DONE===
19:11:57 - __main__.gw - INFO - ===CHECKING LEADER===
19:11:57 - __main__.gw - ERROR - Error in leader check: 'Gateway' object has no attribute 'id'
19:11:57 - __main__.gw - INFO - ===LEADER CHECK DONE===
19:12:07 - __main__.gw - INFO - ===CHECKING LEADER===
19:12:07 - __main__.gw - ERROR - Error in leader check: 'Gateway' object has no attribute 'id'
19:12:07 - __main__.gw - INFO - ===LEADER CHECK DONE===
19:12:17 - __main__.gw - INFO - ===CHECKING LEADER===
19:12:17 - __main__.gw - ERROR - Error in leader check: 'Gateway' object has no attribute 'id'
19:12:17 - __main__.gw - INFO - ===LEADER CHECK DONE===
19:12:27 - __main__.gw - INFO - ===CHECKING LEADER===
19:12:27 - __main__.gw - ERROR - Error in leader check: 'Gateway' object has no attribute 'id'
19:12:27 - __main__.gw - INFO - ===LEADER CHECK DONE===
19:12:37 - __main__.gw - INFO - ===CHECKING LEADER===
19:12:37 - __main__.gw - ERROR - Error in leader check: 'Gateway' object has no attribute 'id'
19:12:37 - __main__.gw - INFO - ===LEADER CHECK DONE===
19:12:47 - __main__.gw - INFO - ===CHECKING LEADER===
19:12:47 - __main__.gw - ERROR - Error in leader check: 'Gateway' object has no attribute 'id'
19:12:47 - __main__.gw - INFO - ===LEADER CHECK DONE===
19:12:57 - __main__.gw - INFO - ===CHECKING LEADER===
19:12:57 - __main__.gw - ERROR - Error in leader check: 'Gateway' object has no attribute 'id'
19:12:57 - __main__.gw - INFO - ===LEADER CHECK DONE===
19:13:07 - __main__.gw - INFO - ===CHECKING LEADER===
19:13:07 - __main__.gw - ERROR - Error in leader check: 'Gateway' object has no attribute 'id'
19:13:07 - __main__.gw - INFO - ===LEADER CHECK DONE===
19:13:17 - __main__.gw - INFO - ===CHECKING LEADER===
19:13:17 - __main__.gw - ERROR - Error in leader check: 'Gateway' object has no attribute 'id'
19:13:17 - __main__.gw - INFO - ===LEADER CHECK DONE===
19:13:27 - __main__.gw - INFO - ===CHECKING LEADER===
19:13:27 - __main__.gw - ERROR - Error in leader check: 'Gateway' object has no attribute 'id'
19:13:27 - __main__.gw - INFO - ===LEADER CHECK DONE===
19:13:37 - __main__.gw - INFO - ===CHECKING LEADER===
19:13:37 - __main__.gw - ERROR - Error in leader check: 'Gateway' object has no attribute 'id'
19:13:37 - __main__.gw - INFO - ===LEADER CHECK DONE===
19:13:47 - __main__.gw - INFO - ===CHECKING LEADER===
19:13:47 - __main__.gw - ERROR - Error in leader check: 'Gateway' object has no attribute 'id'
19:13:47 - __main__.gw - INFO - ===LEADER CHECK DONE===
19:13:57 - __main__.gw - INFO - ===CHECKING LEADER===
19:13:57 - __main__.gw - ERROR - Error in leader check: 'Gateway' object has no attribute 'id'
19:13:57 - __main__.gw - INFO - ===LEADER CHECK DONE===
19:14:07 - __main__.gw - INFO - ===CHECKING LEADER===
19:14:07 - __main__.gw - ERROR - Error in leader check: 'Gateway' object has no attribute 'id'
19:14:07 - __main__.gw - INFO - ===LEADER CHECK DONE===
19:14:17 - __main__.gw - INFO - ===CHECKING LEADER===
19:14:17 - __main__.gw - ERROR - Error in leader check: 'Gateway' object has no attribute 'id'
19:14:17 - __main__.gw - INFO - ===LEADER CHECK DONE===
19:14:27 - __main__.gw - INFO - ===CHECKING LEADER===
19:14:27 - __main__.gw - ERROR - Error in leader check: 'Gateway' object has no attribute 'id'
19:14:27 - __main__.gw - INFO - ===LEADER CHECK DONE===
19:14:37 - __main__.gw - INFO - ===CHECKING LEADER===
19:14:37 - __main__.gw - ERROR - Error in leader check: 'Gateway' object has no attribute 'id'
19:14:37 - __main__.gw - INFO - ===LEADER CHECK DONE===
19:14:47 - __main__.gw - INFO - ===CHECKING LEADER===
19:14:48 - __main__.gw - ERROR - Error in leader check: 'Gateway' object has no attribute 'id'
19:14:48 - __main__.gw - INFO - ===LEADER CHECK DONE===
19:14:58 - __main__.gw - INFO - ===CHECKING LEADER===
19:14:58 - __main__.gw - ERROR - Error in leader check: 'Gateway' object has no attribute 'id'
19:14:58 - __main__.gw - INFO - ===LEADER CHECK DONE===
19:15:08 - __main__.gw - INFO - ===CHECKING LEADER===
19:15:08 - __main__.gw - ERROR - Error in leader check: 'Gateway' object has no attribute 'id'
19:15:08 - __main__.gw - INFO - ===LEADER CHECK DONE===
19:15:18 - __main__.gw - INFO - ===CHECKING LEADER===
19:15:18 - __main__.gw - ERROR - Error in leader check: 'Gateway' object has no attribute 'id'
19:15:18 - __main__.gw - INFO - ===LEADER CHECK DONE===
19:15:28 - __main__.gw - INFO - ===CHECKING LEADER===
19:15:28 - __main__.gw - ERROR - Error in leader check: 'Gateway' object has no attribute 'id'
19:15:28 - __main__.gw - INFO - ===LEADER CHECK DONE===
19:15:38 - __main__.gw - INFO - ===CHECKING LEADER===
19:15:38 - __main__.gw - ERROR - Error in leader check: 'Gateway' object has no attribute 'id'
19:15:38 - __main__.gw - INFO - ===LEADER CHECK DONE===
19:15:48 - __main__.gw - INFO - ===CHECKING LEADER===
19:15:48 - __main__.gw - ERROR - Error in leader check: 'Gateway' object has no attribute 'id'
19:15:48 - __main__.gw - INFO - ===LEADER CHECK DONE===
19:15:58 - __main__.gw - INFO - ===CHECKING LEADER===
19:15:58 - __main__.gw - ERROR - Error in leader check: 'Gateway' object has no attribute 'id'
19:15:58 - __main__.gw - INFO - ===LEADER CHECK DONE===
19:16:08 - __main__.gw - INFO - ===CHECKING LEADER===
19:16:08 - __main__.gw - ERROR - Error in leader check: 'Gateway' object has no attribute 'id'
19:16:08 - __main__.gw - INFO - ===LEADER CHECK DONE===
19:16:18 - __main__.gw - INFO - ===CHECKING LEADER===
19:16:18 - __main__.gw - ERROR - Error in leader check: 'Gateway' object has no attribute 'id'
19:16:18 - __main__.gw - INFO - ===LEADER CHECK DONE===
19:16:28 - __main__.gw - INFO - ===CHECKING LEADER===
19:16:28 - __main__.gw - ERROR - Error in leader check: 'Gateway' object has no attribute 'id'
19:16:28 - __main__.gw - INFO - ===LEADER CHECK DONE===
19:16:38 - __main__.gw - INFO - ===CHECKING LEADER===
19:16:38 - __main__.gw - ERROR - Error in leader check: 'Gateway' object has no attribute 'id'
19:16:38 - __main__.gw - INFO - ===LEADER CHECK DONE===
19:16:48 - __main__.gw - INFO - ===CHECKING LEADER===
19:16:48 - __main__.gw - ERROR - Error in leader check: 'Gateway' object has no attribute 'id'
19:16:48 - __main__.gw - INFO - ===LEADER CHECK DONE===
19:16:58 - __main__.gw - INFO - ===CHECKING LEADER===
19:16:58 - __main__.gw - ERROR - Error in leader check: 'Gateway' object has no attribute 'id'
19:16:58 - __main__.gw - INFO - ===LEADER CHECK DONE===
19:17:08 - __main__.gw - INFO - ===CHECKING LEADER===
19:17:08 - __main__.gw - ERROR - Error in leader check: 'Gateway' object has no attribute 'id'
19:17:08 - __main__.gw - INFO - ===LEADER CHECK DONE===
19:17:18 - __main__.gw - INFO - ===CHECKING LEADER===
19:17:18 - __main__.gw - ERROR - Error in leader check: 'Gateway' object has no attribute 'id'
19:17:18 - __main__.gw - INFO - ===LEADER CHECK DONE===
19:17:28 - __main__.gw - INFO - ===CHECKING LEADER===
19:17:28 - __main__.gw - ERROR - Error in leader check: 'Gateway' object has no attribute 'id'
19:17:28 - __main__.gw - INFO - ===LEADER CHECK DONE===
19:17:38 - __main__.gw - INFO - ===CHECKING LEADER===
19:17:38 - __main__.gw - ERROR - Error in leader check: 'Gateway' object has no attribute 'id'
19:17:38 - __main__.gw - INFO - ===LEADER CHECK DONE===
19:17:48 - __main__.gw - INFO - ===CHECKING LEADER===
19:17:48 - __main__.gw - ERROR - Error in leader check: 'Gateway' object has no attribute 'id'
19:17:48 - __main__.gw - INFO - ===LEADER CHECK DONE===
19:17:58 - __main__.gw - INFO - ===CHECKING LEADER===
19:17:58 - __main__.gw - ERROR - Error in leader check: 'Gateway' object has no attribute 'id'
19:17:58 - __main__.gw - INFO - ===LEADER CHECK DONE===
19:18:08 - __main__.gw - INFO - ===CHECKING LEADER===
19:18:08 - __main__.gw - ERROR - Error in leader check: 'Gateway' object has no attribute 'id'
19:18:08 - __main__.gw - INFO - ===LEADER CHECK DONE===
19:18:18 - __main__.gw - INFO - ===CHECKING LEADER===
19:18:18 - __main__.gw - ERROR - Error in leader check: 'Gateway' object has no attribute 'id'
19:18:18 - __main__.gw - INFO - ===LEADER CHECK DONE===
19:18:28 - __main__.gw - INFO - ===CHECKING LEADER===
19:18:28 - __main__.gw - ERROR - Error in leader check: 'Gateway' object has no attribute 'id'
19:18:28 - __main__.gw - INFO - ===LEADER CHECK DONE===
19:18:38 - __main__.gw - INFO - ===CHECKING LEADER===
19:18:38 - __main__.gw - ERROR - Error in leader check: 'Gateway' object has no attribute 'id'
19:18:38 - __main__.gw - INFO - ===LEADER CHECK DONE===
19:18:48 - __main__.gw - INFO - ===CHECKING LEADER===
19:18:48 - __main__.gw - ERROR - Error in leader check: 'Gateway' object has no attribute 'id'
19:18:48 - __main__.gw - INFO - ===LEADER CHECK DONE===
19:18:58 - __main__.gw - INFO - ===CHECKING LEADER===
19:18:58 - __main__.gw - ERROR - Error in leader check: 'Gateway' object has no attribute 'id'
19:18:58 - __main__.gw - INFO - ===LEADER CHECK DONE===
19:19:08 - __main__.gw - INFO - ===CHECKING LEADER===
19:19:08 - __main__.gw - ERROR - Error in leader check: 'Gateway' object has no attribute 'id'
19:19:08 - __main__.gw - INFO - ===LEADER CHECK DONE===
19:19:18 - __main__.gw - INFO - ===CHECKING LEADER===
19:19:18 - __main__.gw - ERROR - Error in leader check: 'Gateway' object has no attribute 'id'
19:19:18 - __main__.gw - INFO - ===LEADER CHECK DONE===
19:19:28 - __main__.gw - INFO - ===CHECKING LEADER===
19:19:28 - __main__.gw - ERROR - Error in leader check: 'Gateway' object has no attribute 'id'
19:19:28 - __main__.gw - INFO - ===LEADER CHECK DONE===
19:19:38 - __main__.gw - INFO - ===CHECKING LEADER===
19:19:38 - __main__.gw - ERROR - Error in leader check: 'Gateway' object has no attribute 'id'
19:19:38 - __main__.gw - INFO - ===LEADER CHECK DONE===
19:19:48 - __main__.gw - INFO - ===CHECKING LEADER===
19:19:48 - __main__.gw - ERROR - Error in leader check: 'Gateway' object has no attribute 'id'
19:19:48 - __main__.gw - INFO - ===LEADER CHECK DONE===
19:19:58 - __main__.gw - INFO - ===CHECKING LEADER===
19:19:58 - __main__.gw - ERROR - Error in leader check: 'Gateway' object has no attribute 'id'
19:19:58 - __main__.gw - INFO - ===LEADER CHECK DONE===
19:20:08 - __main__.gw - INFO - ===CHECKING LEADER===
19:20:08 - __main__.gw - ERROR - Error in leader check: 'Gateway' object has no attribute 'id'
19:20:08 - __main__.gw - INFO - ===LEADER CHECK DONE===
19:20:18 - __main__.gw - INFO - ===CHECKING LEADER===
19:20:18 - __main__.gw - ERROR - Error in leader check: 'Gateway' object has no attribute 'id'
19:20:18 - __main__.gw - INFO - ===LEADER CHECK DONE===
19:20:28 - __main__.gw - INFO - ===CHECKING LEADER===
19:20:28 - __main__.gw - ERROR - Error in leader check: 'Gateway' object has no attribute 'id'
19:20:28 - __main__.gw - INFO - ===LEADER CHECK DONE===
19:20:38 - __main__.gw - INFO - ===CHECKING LEADER===
19:20:38 - __main__.gw - ERROR - Error in leader check: 'Gateway' object has no attribute 'id'
19:20:38 - __main__.gw - INFO - ===LEADER CHECK DONE===
19:20:48 - __main__.gw - INFO - ===CHECKING LEADER===
19:20:48 - __main__.gw - ERROR - Error in leader check: 'Gateway' object has no attribute 'id'
19:20:48 - __main__.gw - INFO - ===LEADER CHECK DONE===
19:20:58 - __main__.gw - INFO - ===CHECKING LEADER===
19:20:58 - __main__.gw - ERROR - Error in leader check: 'Gateway' object has no attribute 'id'
19:20:58 - __main__.gw - INFO - ===LEADER CHECK DONE===
19:21:08 - __main__.gw - INFO - ===CHECKING LEADER===
19:21:08 - __main__.gw - ERROR - Error in leader check: 'Gateway' object has no attribute 'id'
19:21:08 - __main__.gw - INFO - ===LEADER CHECK DONE===
19:21:18 - __main__.gw - INFO - ===CHECKING LEADER===
19:21:18 - __main__.gw - ERROR - Error in leader check: 'Gateway' object has no attribute 'id'
19:21:18 - __main__.gw - INFO - ===LEADER CHECK DONE===
19:21:28 - __main__.gw - INFO - ===CHECKING LEADER===
19:21:28 - __main__.gw - ERROR - Error in leader check: 'Gateway' object has no attribute 'id'
19:21:28 - __main__.gw - INFO - ===LEADER CHECK DONE===
19:21:38 - __main__.gw - INFO - ===CHECKING LEADER===
19:21:38 - __main__.gw - ERROR - Error in leader check: 'Gateway' object has no attribute 'id'
19:21:38 - __main__.gw - INFO - ===LEADER CHECK DONE===
19:21:48 - __main__.gw - INFO - ===CHECKING LEADER===
19:21:48 - __main__.gw - ERROR - Error in leader check: 'Gateway' object has no attribute 'id'
19:21:48 - __main__.gw - INFO - ===LEADER CHECK DONE===
19:21:58 - __main__.gw - INFO - ===CHECKING LEADER===
19:21:58 - __main__.gw - ERROR - Error in leader check: 'Gateway' object has no attribute 'id'
19:21:58 - __main__.gw - INFO - ===LEADER CHECK DONE===
19:22:08 - __main__.gw - INFO - ===CHECKING LEADER===
19:22:08 - __main__.gw - ERROR - Error in leader check: 'Gateway' object has no attribute 'id'
19:22:08 - __main__.gw - INFO - ===LEADER CHECK DONE===
19:22:18 - __main__.gw - INFO - ===CHECKING LEADER===
19:22:18 - __main__.gw - ERROR - Error in leader check: 'Gateway' object has no attribute 'id'
19:22:18 - __main__.gw - INFO - ===LEADER CHECK DONE===
19:22:28 - __main__.gw - INFO - ===CHECKING LEADER===
19:22:28 - __main__.gw - ERROR - Error in leader check: 'Gateway' object has no attribute 'id'
19:22:28 - __main__.gw - INFO - ===LEADER CHECK DONE===
19:22:38 - __main__.gw - INFO - ===CHECKING LEADER===
19:22:38 - __main__.gw - ERROR - Error in leader check: 'Gateway' object has no attribute 'id'
19:22:38 - __main__.gw - INFO - ===LEADER CHECK DONE===
19:22:48 - __main__.gw - INFO - ===CHECKING LEADER===
19:22:48 - __main__.gw - ERROR - Error in leader check: 'Gateway' object has no attribute 'id'
19:22:48 - __main__.gw - INFO - ===LEADER CHECK DONE===
19:22:58 - __main__.gw - INFO - ===CHECKING LEADER===
19:22:58 - __main__.gw - ERROR - Error in leader check: 'Gateway' object has no attribute 'id'
19:22:58 - __main__.gw - INFO - ===LEADER CHECK DONE===
19:23:08 - __main__.gw - INFO - ===CHECKING LEADER===
19:23:08 - __main__.gw - ERROR - Error in leader check: 'Gateway' object has no attribute 'id'
19:23:08 - __main__.gw - INFO - ===LEADER CHECK DONE===
19:23:18 - __main__.gw - INFO - ===CHECKING LEADER===
19:23:18 - __main__.gw - ERROR - Error in leader check: 'Gateway' object has no attribute 'id'
19:23:18 - __main__.gw - INFO - ===LEADER CHECK DONE===
19:23:28 - __main__.gw - INFO - ===CHECKING LEADER===
19:23:28 - __main__.gw - ERROR - Error in leader check: 'Gateway' object has no attribute 'id'
19:23:28 - __main__.gw - INFO - ===LEADER CHECK DONE===
19:23:38 - __main__.gw - INFO - ===CHECKING LEADER===
19:23:38 - __main__.gw - ERROR - Error in leader check: 'Gateway' object has no attribute 'id'
19:23:38 - __main__.gw - INFO - ===LEADER CHECK DONE===
19:23:48 - __main__.gw - INFO - ===CHECKING LEADER===
19:23:48 - __main__.gw - ERROR - Error in leader check: 'Gateway' object has no attribute 'id'
19:23:48 - __main__.gw - INFO - ===LEADER CHECK DONE===
19:23:58 - __main__.gw - INFO - ===CHECKING LEADER===
19:23:58 - __main__.gw - ERROR - Error in leader check: 'Gateway' object has no attribute 'id'
19:23:58 - __main__.gw - INFO - ===LEADER CHECK DONE===
19:24:08 - __main__.gw - INFO - ===CHECKING LEADER===
19:24:08 - __main__.gw - ERROR - Error in leader check: 'Gateway' object has no attribute 'id'
19:24:08 - __main__.gw - INFO - ===LEADER CHECK DONE===
19:24:18 - __main__.gw - INFO - ===CHECKING LEADER===
19:24:18 - __main__.gw - ERROR - Error in leader check: 'Gateway' object has no attribute 'id'
19:24:18 - __main__.gw - INFO - ===LEADER CHECK DONE===
19:24:28 - __main__.gw - INFO - ===CHECKING LEADER===
19:24:28 - __main__.gw - ERROR - Error in leader check: 'Gateway' object has no attribute 'id'
19:24:28 - __main__.gw - INFO - ===LEADER CHECK DONE===
19:24:38 - __main__.gw - INFO - ===CHECKING LEADER===
19:24:38 - __main__.gw - ERROR - Error in leader check: 'Gateway' object has no attribute 'id'
19:24:38 - __main__.gw - INFO - ===LEADER CHECK DONE===
19:24:48 - __main__.gw - INFO - ===CHECKING LEADER===
19:24:48 - __main__.gw - ERROR - Error in leader check: 'Gateway' object has no attribute 'id'
19:24:48 - __main__.gw - INFO - ===LEADER CHECK DONE===
19:24:58 - __main__.gw - INFO - ===CHECKING LEADER===
19:24:58 - __main__.gw - ERROR - Error in leader check: 'Gateway' object has no attribute 'id'
19:24:58 - __main__.gw - INFO - ===LEADER CHECK DONE===
19:25:08 - __main__.gw - INFO - ===CHECKING LEADER===
19:25:08 - __main__.gw - ERROR - Error in leader check: 'Gateway' object has no attribute 'id'
19:25:08 - __main__.gw - INFO - ===LEADER CHECK DONE===
19:25:18 - __main__.gw - INFO - ===CHECKING LEADER===
19:25:18 - __main__.gw - ERROR - Error in leader check: 'Gateway' object has no attribute 'id'
19:25:18 - __main__.gw - INFO - ===LEADER CHECK DONE===
19:25:28 - __main__.gw - INFO - ===CHECKING LEADER===
19:25:28 - __main__.gw - ERROR - Error in leader check: 'Gateway' object has no attribute 'id'
19:25:28 - __main__.gw - INFO - ===LEADER CHECK DONE===
19:25:38 - __main__.gw - INFO - ===CHECKING LEADER===
19:25:38 - __main__.gw - ERROR - Error in leader check: 'Gateway' object has no attribute 'id'
19:25:38 - __main__.gw - INFO - ===LEADER CHECK DONE===
19:25:48 - __main__.gw - INFO - ===CHECKING LEADER===
19:25:48 - __main__.gw - ERROR - Error in leader check: 'Gateway' object has no attribute 'id'
19:25:48 - __main__.gw - INFO - ===LEADER CHECK DONE===
19:25:58 - __main__.gw - INFO - ===CHECKING LEADER===
19:25:58 - __main__.gw - ERROR - Error in leader check: 'Gateway' object has no attribute 'id'
19:25:58 - __main__.gw - INFO - ===LEADER CHECK DONE===
19:26:08 - __main__.gw - INFO - ===CHECKING LEADER===
19:26:08 - __main__.gw - ERROR - Error in leader check: 'Gateway' object has no attribute 'id'
19:26:08 - __main__.gw - INFO - ===LEADER CHECK DONE===
19:26:18 - __main__.gw - INFO - ===CHECKING LEADER===
19:26:18 - __main__.gw - ERROR - Error in leader check: 'Gateway' object has no attribute 'id'
19:26:18 - __main__.gw - INFO - ===LEADER CHECK DONE===
19:26:28 - __main__.gw - INFO - ===CHECKING LEADER===
19:26:28 - __main__.gw - ERROR - Error in leader check: 'Gateway' object has no attribute 'id'
19:26:28 - __main__.gw - INFO - ===LEADER CHECK DONE===
19:26:38 - __main__.gw - INFO - ===CHECKING LEADER===
19:26:38 - __main__.gw - ERROR - Error in leader check: 'Gateway' object has no attribute 'id'
19:26:38 - __main__.gw - INFO - ===LEADER CHECK DONE===
19:26:48 - __main__.gw - INFO - ===CHECKING LEADER===
19:26:48 - __main__.gw - ERROR - Error in leader check: 'Gateway' object has no attribute 'id'
19:26:48 - __main__.gw - INFO - ===LEADER CHECK DONE===
19:26:58 - __main__.gw - INFO - ===CHECKING LEADER===
19:26:58 - __main__.gw - ERROR - Error in leader check: 'Gateway' object has no attribute 'id'
19:26:58 - __main__.gw - INFO - ===LEADER CHECK DONE===
19:27:08 - __main__.gw - INFO - ===CHECKING LEADER===
19:27:08 - __main__.gw - ERROR - Error in leader check: 'Gateway' object has no attribute 'id'
19:27:08 - __main__.gw - INFO - ===LEADER CHECK DONE===
19:27:18 - __main__.gw - INFO - ===CHECKING LEADER===
19:27:18 - __main__.gw - ERROR - Error in leader check: 'Gateway' object has no attribute 'id'
19:27:18 - __main__.gw - INFO - ===LEADER CHECK DONE===
19:27:28 - __main__.gw - INFO - ===CHECKING LEADER===
19:27:28 - __main__.gw - ERROR - Error in leader check: 'Gateway' object has no attribute 'id'
19:27:28 - __main__.gw - INFO - ===LEADER CHECK DONE===
19:27:38 - __main__.gw - INFO - ===CHECKING LEADER===
19:27:38 - __main__.gw - ERROR - Error in leader check: 'Gateway' object has no attribute 'id'
19:27:38 - __main__.gw - INFO - ===LEADER CHECK DONE===
19:27:48 - __main__.gw - INFO - ===CHECKING LEADER===
19:27:48 - __main__.gw - ERROR - Error in leader check: 'Gateway' object has no attribute 'id'
19:27:48 - __main__.gw - INFO - ===LEADER CHECK DONE===
19:27:58 - __main__.gw - INFO - ===CHECKING LEADER===
19:27:58 - __main__.gw - ERROR - Error in leader check: 'Gateway' object has no attribute 'id'
19:27:58 - __main__.gw - INFO - ===LEADER CHECK DONE===
19:28:08 - __main__.gw - INFO - ===CHECKING LEADER===
19:28:08 - __main__.gw - ERROR - Error in leader check: 'Gateway' object has no attribute 'id'
19:28:08 - __main__.gw - INFO - ===LEADER CHECK DONE===
19:28:18 - __main__.gw - INFO - ===CHECKING LEADER===
19:28:18 - __main__.gw - ERROR - Error in leader check: 'Gateway' object has no attribute 'id'
19:28:18 - __main__.gw - INFO - ===LEADER CHECK DONE===
19:28:28 - __main__.gw - INFO - ===CHECKING LEADER===
19:28:28 - __main__.gw - ERROR - Error in leader check: 'Gateway' object has no attribute 'id'
19:28:28 - __main__.gw - INFO - ===LEADER CHECK DONE===
19:28:38 - __main__.gw - INFO - ===CHECKING LEADER===
19:28:38 - __main__.gw - ERROR - Error in leader check: 'Gateway' object has no attribute 'id'
19:28:38 - __main__.gw - INFO - ===LEADER CHECK DONE===
19:28:48 - __main__.gw - INFO - ===CHECKING LEADER===
19:28:48 - __main__.gw - ERROR - Error in leader check: 'Gateway' object has no attribute 'id'
19:28:48 - __main__.gw - INFO - ===LEADER CHECK DONE===
19:28:58 - __main__.gw - INFO - ===CHECKING LEADER===
19:28:58 - __main__.gw - ERROR - Error in leader check: 'Gateway' object has no attribute 'id'
19:28:58 - __main__.gw - INFO - ===LEADER CHECK DONE===
19:29:08 - __main__.gw - INFO - ===CHECKING LEADER===
19:29:08 - __main__.gw - ERROR - Error in leader check: 'Gateway' object has no attribute 'id'
19:29:08 - __main__.gw - INFO - ===LEADER CHECK DONE===
19:29:18 - __main__.gw - INFO - ===CHECKING LEADER===
19:29:18 - __main__.gw - ERROR - Error in leader check: 'Gateway' object has no attribute 'id'
19:29:19 - __main__.gw - INFO - ===LEADER CHECK DONE===
19:29:29 - __main__.gw - INFO - ===CHECKING LEADER===
19:29:29 - __main__.gw - ERROR - Error in leader check: 'Gateway' object has no attribute 'id'
19:29:29 - __main__.gw - INFO - ===LEADER CHECK DONE===
19:29:39 - __main__.gw - INFO - ===CHECKING LEADER===
19:29:39 - __main__.gw - ERROR - Error in leader check: 'Gateway' object has no attribute 'id'
19:29:39 - __main__.gw - INFO - ===LEADER CHECK DONE===
19:29:49 - __main__.gw - INFO - ===CHECKING LEADER===
19:29:49 - __main__.gw - ERROR - Error in leader check: 'Gateway' object has no attribute 'id'
19:29:49 - __main__.gw - INFO - ===LEADER CHECK DONE===
19:29:59 - __main__.gw - INFO - ===CHECKING LEADER===
19:29:59 - __main__.gw - ERROR - Error in leader check: 'Gateway' object has no attribute 'id'
19:29:59 - __main__.gw - INFO - ===LEADER CHECK DONE===
19:30:09 - __main__.gw - INFO - ===CHECKING LEADER===
19:30:09 - __main__.gw - ERROR - Error in leader check: 'Gateway' object has no attribute 'id'
19:30:09 - __main__.gw - INFO - ===LEADER CHECK DONE===
19:30:19 - __main__.gw - INFO - ===CHECKING LEADER===
19:30:19 - __main__.gw - ERROR - Error in leader check: 'Gateway' object has no attribute 'id'
19:30:19 - __main__.gw - INFO - ===LEADER CHECK DONE===
19:30:29 - __main__.gw - INFO - ===CHECKING LEADER===
19:30:29 - __main__.gw - ERROR - Error in leader check: 'Gateway' object has no attribute 'id'
19:30:29 - __main__.gw - INFO - ===LEADER CHECK DONE===
19:30:39 - __main__.gw - INFO - ===CHECKING LEADER===
19:30:39 - __main__.gw - ERROR - Error in leader check: 'Gateway' object has no attribute 'id'
19:30:39 - __main__.gw - INFO - ===LEADER CHECK DONE===
19:30:49 - __main__.gw - INFO - ===CHECKING LEADER===
19:30:49 - __main__.gw - ERROR - Error in leader check: 'Gateway' object has no attribute 'id'
19:30:49 - __main__.gw - INFO - ===LEADER CHECK DONE===
19:30:59 - __main__.gw - INFO - ===CHECKING LEADER===
19:30:59 - __main__.gw - ERROR - Error in leader check: 'Gateway' object has no attribute 'id'
19:30:59 - __main__.gw - INFO - ===LEADER CHECK DONE===
19:31:09 - __main__.gw - INFO - ===CHECKING LEADER===
19:31:09 - __main__.gw - ERROR - Error in leader check: 'Gateway' object has no attribute 'id'
19:31:09 - __main__.gw - INFO - ===LEADER CHECK DONE===
19:31:19 - __main__.gw - INFO - ===CHECKING LEADER===
19:31:19 - __main__.gw - ERROR - Error in leader check: 'Gateway' object has no attribute 'id'
19:31:19 - __main__.gw - INFO - ===LEADER CHECK DONE===
19:31:29 - __main__.gw - INFO - ===CHECKING LEADER===
19:31:29 - __main__.gw - ERROR - Error in leader check: 'Gateway' object has no attribute 'id'
19:31:29 - __main__.gw - INFO - ===LEADER CHECK DONE===
19:31:39 - __main__.gw - INFO - ===CHECKING LEADER===
19:31:39 - __main__.gw - ERROR - Error in leader check: 'Gateway' object has no attribute 'id'
19:31:39 - __main__.gw - INFO - ===LEADER CHECK DONE===
19:31:49 - __main__.gw - INFO - ===CHECKING LEADER===
19:31:49 - __main__.gw - ERROR - Error in leader check: 'Gateway' object has no attribute 'id'
19:31:49 - __main__.gw - INFO - ===LEADER CHECK DONE===
19:31:59 - __main__.gw - INFO - ===CHECKING LEADER===
19:31:59 - __main__.gw - ERROR - Error in leader check: 'Gateway' object has no attribute 'id'
19:31:59 - __main__.gw - INFO - ===LEADER CHECK DONE===
19:32:09 - __main__.gw - INFO - ===CHECKING LEADER===
19:32:09 - __main__.gw - ERROR - Error in leader check: 'Gateway' object has no attribute 'id'
19:32:09 - __main__.gw - INFO - ===LEADER CHECK DONE===
19:32:19 - __main__.gw - INFO - ===CHECKING LEADER===
19:32:19 - __main__.gw - ERROR - Error in leader check: 'Gateway' object has no attribute 'id'
19:32:19 - __main__.gw - INFO - ===LEADER CHECK DONE===
19:32:29 - __main__.gw - INFO - ===CHECKING LEADER===
19:32:29 - __main__.gw - ERROR - Error in leader check: 'Gateway' object has no attribute 'id'
19:32:29 - __main__.gw - INFO - ===LEADER CHECK DONE===
19:32:39 - __main__.gw - INFO - ===CHECKING LEADER===
19:32:39 - __main__.gw - ERROR - Error in leader check: 'Gateway' object has no attribute 'id'
19:32:39 - __main__.gw - INFO - ===LEADER CHECK DONE===
19:32:49 - __main__.gw - INFO - ===CHECKING LEADER===
19:32:49 - __main__.gw - ERROR - Error in leader check: 'Gateway' object has no attribute 'id'
19:32:49 - __main__.gw - INFO - ===LEADER CHECK DONE===
19:32:59 - __main__.gw - INFO - ===CHECKING LEADER===
19:32:59 - __main__.gw - ERROR - Error in leader check: 'Gateway' object has no attribute 'id'
19:32:59 - __main__.gw - INFO - ===LEADER CHECK DONE===
19:33:09 - __main__.gw - INFO - ===CHECKING LEADER===
19:33:09 - __main__.gw - ERROR - Error in leader check: 'Gateway' object has no attribute 'id'
19:33:09 - __main__.gw - INFO - ===LEADER CHECK DONE===
19:33:19 - __main__.gw - INFO - ===CHECKING LEADER===
19:33:19 - __main__.gw - ERROR - Error in leader check: 'Gateway' object has no attribute 'id'
19:33:19 - __main__.gw - INFO - ===LEADER CHECK DONE===
19:33:29 - __main__.gw - INFO - ===CHECKING LEADER===
19:33:29 - __main__.gw - ERROR - Error in leader check: 'Gateway' object has no attribute 'id'
19:33:29 - __main__.gw - INFO - ===LEADER CHECK DONE===
19:33:39 - __main__.gw - INFO - ===CHECKING LEADER===
19:33:39 - __main__.gw - ERROR - Error in leader check: 'Gateway' object has no attribute 'id'
19:33:39 - __main__.gw - INFO - ===LEADER CHECK DONE===
19:33:49 - __main__.gw - INFO - ===CHECKING LEADER===
19:33:49 - __main__.gw - ERROR - Error in leader check: 'Gateway' object has no attribute 'id'
19:33:49 - __main__.gw - INFO - ===LEADER CHECK DONE===
19:33:59 - __main__.gw - INFO - ===CHECKING LEADER===
19:33:59 - __main__.gw - ERROR - Error in leader check: 'Gateway' object has no attribute 'id'
19:33:59 - __main__.gw - INFO - ===LEADER CHECK DONE===
19:34:09 - __main__.gw - INFO - ===CHECKING LEADER===
19:34:09 - __main__.gw - ERROR - Error in leader check: 'Gateway' object has no attribute 'id'
19:34:09 - __main__.gw - INFO - ===LEADER CHECK DONE===
19:34:19 - __main__.gw - INFO - ===CHECKING LEADER===
19:34:19 - __main__.gw - ERROR - Error in leader check: 'Gateway' object has no attribute 'id'
19:34:19 - __main__.gw - INFO - ===LEADER CHECK DONE===
19:34:29 - __main__.gw - INFO - ===CHECKING LEADER===
19:34:29 - __main__.gw - ERROR - Error in leader check: 'Gateway' object has no attribute 'id'
19:34:29 - __main__.gw - INFO - ===LEADER CHECK DONE===
19:34:39 - __main__.gw - INFO - ===CHECKING LEADER===
19:34:39 - __main__.gw - ERROR - Error in leader check: 'Gateway' object has no attribute 'id'
19:34:39 - __main__.gw - INFO - ===LEADER CHECK DONE===
19:34:49 - __main__.gw - INFO - ===CHECKING LEADER===
19:34:49 - __main__.gw - ERROR - Error in leader check: 'Gateway' object has no attribute 'id'
19:34:49 - __main__.gw - INFO - ===LEADER CHECK DONE===
19:34:59 - __main__.gw - INFO - ===CHECKING LEADER===
19:34:59 - __main__.gw - ERROR - Error in leader check: 'Gateway' object has no attribute 'id'
19:34:59 - __main__.gw - INFO - ===LEADER CHECK DONE===
19:35:09 - __main__.gw - INFO - ===CHECKING LEADER===
19:35:09 - __main__.gw - ERROR - Error in leader check: 'Gateway' object has no attribute 'id'
19:35:09 - __main__.gw - INFO - ===LEADER CHECK DONE===
19:35:19 - __main__.gw - INFO - ===CHECKING LEADER===
19:35:19 - __main__.gw - ERROR - Error in leader check: 'Gateway' object has no attribute 'id'
19:35:19 - __main__.gw - INFO - ===LEADER CHECK DONE===
19:35:29 - __main__.gw - INFO - ===CHECKING LEADER===
19:35:29 - __main__.gw - ERROR - Error in leader check: 'Gateway' object has no attribute 'id'
19:35:29 - __main__.gw - INFO - ===LEADER CHECK DONE===
19:35:39 - __main__.gw - INFO - ===CHECKING LEADER===
19:35:39 - __main__.gw - ERROR - Error in leader check: 'Gateway' object has no attribute 'id'
19:35:39 - __main__.gw - INFO - ===LEADER CHECK DONE===
19:35:49 - __main__.gw - INFO - ===CHECKING LEADER===
19:35:49 - __main__.gw - ERROR - Error in leader check: 'Gateway' object has no attribute 'id'
19:35:49 - __main__.gw - INFO - ===LEADER CHECK DONE===
19:35:59 - __main__.gw - INFO - ===CHECKING LEADER===
19:35:59 - __main__.gw - ERROR - Error in leader check: 'Gateway' object has no attribute 'id'
19:35:59 - __main__.gw - INFO - ===LEADER CHECK DONE===
19:36:09 - __main__.gw - INFO - ===CHECKING LEADER===
19:36:09 - __main__.gw - ERROR - Error in leader check: 'Gateway' object has no attribute 'id'
19:36:09 - __main__.gw - INFO - ===LEADER CHECK DONE===
19:36:19 - __main__.gw - INFO - ===CHECKING LEADER===
19:36:19 - __main__.gw - ERROR - Error in leader check: 'Gateway' object has no attribute 'id'
19:36:19 - __main__.gw - INFO - ===LEADER CHECK DONE===
19:36:29 - __main__.gw - INFO - ===CHECKING LEADER===
19:36:29 - __main__.gw - ERROR - Error in leader check: 'Gateway' object has no attribute 'id'
19:36:29 - __main__.gw - INFO - ===LEADER CHECK DONE===
19:36:39 - __main__.gw - INFO - ===CHECKING LEADER===
19:36:39 - __main__.gw - ERROR - Error in leader check: 'Gateway' object has no attribute 'id'
19:36:39 - __main__.gw - INFO - ===LEADER CHECK DONE===
19:36:49 - __main__.gw - INFO - ===CHECKING LEADER===
19:36:49 - __main__.gw - ERROR - Error in leader check: 'Gateway' object has no attribute 'id'
19:36:49 - __main__.gw - INFO - ===LEADER CHECK DONE===
19:36:59 - __main__.gw - INFO - ===CHECKING LEADER===
19:36:59 - __main__.gw - ERROR - Error in leader check: 'Gateway' object has no attribute 'id'
19:36:59 - __main__.gw - INFO - ===LEADER CHECK DONE===
19:37:09 - __main__.gw - INFO - ===CHECKING LEADER===
19:37:09 - __main__.gw - ERROR - Error in leader check: 'Gateway' object has no attribute 'id'
19:37:09 - __main__.gw - INFO - ===LEADER CHECK DONE===
19:37:19 - __main__.gw - INFO - ===CHECKING LEADER===
19:37:19 - __main__.gw - ERROR - Error in leader check: 'Gateway' object has no attribute 'id'
19:37:19 - __main__.gw - INFO - ===LEADER CHECK DONE===
19:37:29 - __main__.gw - INFO - ===CHECKING LEADER===
19:37:29 - __main__.gw - ERROR - Error in leader check: 'Gateway' object has no attribute 'id'
19:37:29 - __main__.gw - INFO - ===LEADER CHECK DONE===
19:37:39 - __main__.gw - INFO - ===CHECKING LEADER===
19:37:39 - __main__.gw - ERROR - Error in leader check: 'Gateway' object has no attribute 'id'
19:37:39 - __main__.gw - INFO - ===LEADER CHECK DONE===
19:37:49 - __main__.gw - INFO - ===CHECKING LEADER===
19:37:49 - __main__.gw - ERROR - Error in leader check: 'Gateway' object has no attribute 'id'
19:37:49 - __main__.gw - INFO - ===LEADER CHECK DONE===
19:37:59 - __main__.gw - INFO - ===CHECKING LEADER===
19:37:59 - __main__.gw - ERROR - Error in leader check: 'Gateway' object has no attribute 'id'
19:37:59 - __main__.gw - INFO - ===LEADER CHECK DONE===
19:38:09 - __main__.gw - INFO - ===CHECKING LEADER===
19:38:09 - __main__.gw - ERROR - Error in leader check: 'Gateway' object has no attribute 'id'
19:38:09 - __main__.gw - INFO - ===LEADER CHECK DONE===
19:38:19 - __main__.gw - INFO - ===CHECKING LEADER===
19:38:19 - __main__.gw - ERROR - Error in leader check: 'Gateway' object has no attribute 'id'
19:38:19 - __main__.gw - INFO - ===LEADER CHECK DONE===
19:38:29 - __main__.gw - INFO - ===CHECKING LEADER===
19:38:29 - __main__.gw - ERROR - Error in leader check: 'Gateway' object has no attribute 'id'
19:38:29 - __main__.gw - INFO - ===LEADER CHECK DONE===
19:38:39 - __main__.gw - INFO - ===CHECKING LEADER===
19:38:39 - __main__.gw - ERROR - Error in leader check: 'Gateway' object has no attribute 'id'
19:38:39 - __main__.gw - INFO - ===LEADER CHECK DONE===
19:38:49 - __main__.gw - INFO - ===CHECKING LEADER===
19:38:49 - __main__.gw - ERROR - Error in leader check: 'Gateway' object has no attribute 'id'
19:38:49 - __main__.gw - INFO - ===LEADER CHECK DONE===
19:38:59 - __main__.gw - INFO - ===CHECKING LEADER===
19:38:59 - __main__.gw - ERROR - Error in leader check: 'Gateway' object has no attribute 'id'
19:38:59 - __main__.gw - INFO - ===LEADER CHECK DONE===
19:39:09 - __main__.gw - INFO - ===CHECKING LEADER===
19:39:09 - __main__.gw - ERROR - Error in leader check: 'Gateway' object has no attribute 'id'
19:39:09 - __main__.gw - INFO - ===LEADER CHECK DONE===
19:39:19 - __main__.gw - INFO - ===CHECKING LEADER===
19:39:19 - __main__.gw - ERROR - Error in leader check: 'Gateway' object has no attribute 'id'
19:39:19 - __main__.gw - INFO - ===LEADER CHECK DONE===
19:39:29 - __main__.gw - INFO - ===CHECKING LEADER===
19:39:29 - __main__.gw - ERROR - Error in leader check: 'Gateway' object has no attribute 'id'
19:39:29 - __main__.gw - INFO - ===LEADER CHECK DONE===
19:39:39 - __main__.gw - INFO - ===CHECKING LEADER===
19:39:39 - __main__.gw - ERROR - Error in leader check: 'Gateway' object has no attribute 'id'
19:39:39 - __main__.gw - INFO - ===LEADER CHECK DONE===
19:39:49 - __main__.gw - INFO - ===CHECKING LEADER===
19:39:49 - __main__.gw - ERROR - Error in leader check: 'Gateway' object has no attribute 'id'
19:39:49 - __main__.gw - INFO - ===LEADER CHECK DONE===
19:39:59 - __main__.gw - INFO - ===CHECKING LEADER===
19:39:59 - __main__.gw - ERROR - Error in leader check: 'Gateway' object has no attribute 'id'
19:39:59 - __main__.gw - INFO - ===LEADER CHECK DONE===
19:40:09 - __main__.gw - INFO - ===CHECKING LEADER===
19:40:09 - __main__.gw - ERROR - Error in leader check: 'Gateway' object has no attribute 'id'
19:40:09 - __main__.gw - INFO - ===LEADER CHECK DONE===
19:40:19 - __main__.gw - INFO - ===CHECKING LEADER===
19:40:19 - __main__.gw - ERROR - Error in leader check: 'Gateway' object has no attribute 'id'
19:40:19 - __main__.gw - INFO - ===LEADER CHECK DONE===
19:40:29 - __main__.gw - INFO - ===CHECKING LEADER===
19:40:29 - __main__.gw - ERROR - Error in leader check: 'Gateway' object has no attribute 'id'
19:40:29 - __main__.gw - INFO - ===LEADER CHECK DONE===
19:40:39 - __main__.gw - INFO - ===CHECKING LEADER===
19:40:39 - __main__.gw - ERROR - Error in leader check: 'Gateway' object has no attribute 'id'
19:40:39 - __main__.gw - INFO - ===LEADER CHECK DONE===
19:40:49 - __main__.gw - INFO - ===CHECKING LEADER===
19:40:49 - __main__.gw - ERROR - Error in leader check: 'Gateway' object has no attribute 'id'
19:40:49 - __main__.gw - INFO - ===LEADER CHECK DONE===
19:40:59 - __main__.gw - INFO - ===CHECKING LEADER===
19:40:59 - __main__.gw - ERROR - Error in leader check: 'Gateway' object has no attribute 'id'
19:40:59 - __main__.gw - INFO - ===LEADER CHECK DONE===
19:41:09 - __main__.gw - INFO - ===CHECKING LEADER===
19:41:09 - __main__.gw - ERROR - Error in leader check: 'Gateway' object has no attribute 'id'
19:41:09 - __main__.gw - INFO - ===LEADER CHECK DONE===
19:41:19 - __main__.gw - INFO - ===CHECKING LEADER===
19:41:19 - __main__.gw - ERROR - Error in leader check: 'Gateway' object has no attribute 'id'
19:41:19 - __main__.gw - INFO - ===LEADER CHECK DONE===
19:41:29 - __main__.gw - INFO - ===CHECKING LEADER===
19:41:29 - __main__.gw - ERROR - Error in leader check: 'Gateway' object has no attribute 'id'
19:41:29 - __main__.gw - INFO - ===LEADER CHECK DONE===
19:41:39 - __main__.gw - INFO - ===CHECKING LEADER===
19:41:39 - __main__.gw - ERROR - Error in leader check: 'Gateway' object has no attribute 'id'
19:41:39 - __main__.gw - INFO - ===LEADER CHECK DONE===
19:41:49 - __main__.gw - INFO - ===CHECKING LEADER===
19:41:49 - __main__.gw - ERROR - Error in leader check: 'Gateway' object has no attribute 'id'
19:41:49 - __main__.gw - INFO - ===LEADER CHECK DONE===
19:41:59 - __main__.gw - INFO - ===CHECKING LEADER===
19:41:59 - __main__.gw - ERROR - Error in leader check: 'Gateway' object has no attribute 'id'
19:41:59 - __main__.gw - INFO - ===LEADER CHECK DONE===
19:42:09 - __main__.gw - INFO - ===CHECKING LEADER===
19:42:09 - __main__.gw - ERROR - Error in leader check: 'Gateway' object has no attribute 'id'
19:42:09 - __main__.gw - INFO - ===LEADER CHECK DONE===
19:42:19 - __main__.gw - INFO - ===CHECKING LEADER===
19:42:19 - __main__.gw - ERROR - Error in leader check: 'Gateway' object has no attribute 'id'
19:42:19 - __main__.gw - INFO - ===LEADER CHECK DONE===
19:42:29 - __main__.gw - INFO - ===CHECKING LEADER===
19:42:29 - __main__.gw - ERROR - Error in leader check: 'Gateway' object has no attribute 'id'
19:42:30 - __main__.gw - INFO - ===LEADER CHECK DONE===
19:42:40 - __main__.gw - INFO - ===CHECKING LEADER===
19:42:40 - __main__.gw - ERROR - Error in leader check: 'Gateway' object has no attribute 'id'
19:42:40 - __main__.gw - INFO - ===LEADER CHECK DONE===
19:42:50 - __main__.gw - INFO - ===CHECKING LEADER===
19:42:50 - __main__.gw - ERROR - Error in leader check: 'Gateway' object has no attribute 'id'
19:42:50 - __main__.gw - INFO - ===LEADER CHECK DONE===
19:43:00 - __main__.gw - INFO - ===CHECKING LEADER===
19:43:00 - __main__.gw - ERROR - Error in leader check: 'Gateway' object has no attribute 'id'
19:43:00 - __main__.gw - INFO - ===LEADER CHECK DONE===
19:43:10 - __main__.gw - INFO - ===CHECKING LEADER===
19:43:10 - __main__.gw - ERROR - Error in leader check: 'Gateway' object has no attribute 'id'
19:43:10 - __main__.gw - INFO - ===LEADER CHECK DONE===
19:43:20 - __main__.gw - INFO - ===CHECKING LEADER===
19:43:20 - __main__.gw - ERROR - Error in leader check: 'Gateway' object has no attribute 'id'
19:43:20 - __main__.gw - INFO - ===LEADER CHECK DONE===
19:43:30 - __main__.gw - INFO - ===CHECKING LEADER===
19:43:30 - __main__.gw - ERROR - Error in leader check: 'Gateway' object has no attribute 'id'
19:43:30 - __main__.gw - INFO - ===LEADER CHECK DONE===
19:43:40 - __main__.gw - INFO - ===CHECKING LEADER===
19:43:40 - __main__.gw - ERROR - Error in leader check: 'Gateway' object has no attribute 'id'
19:43:40 - __main__.gw - INFO - ===LEADER CHECK DONE===
19:43:50 - __main__.gw - INFO - ===CHECKING LEADER===
19:43:50 - __main__.gw - ERROR - Error in leader check: 'Gateway' object has no attribute 'id'
19:43:50 - __main__.gw - INFO - ===LEADER CHECK DONE===
19:44:00 - __main__.gw - INFO - ===CHECKING LEADER===
19:44:00 - __main__.gw - ERROR - Error in leader check: 'Gateway' object has no attribute 'id'
19:44:00 - __main__.gw - INFO - ===LEADER CHECK DONE===
19:44:10 - __main__.gw - INFO - ===CHECKING LEADER===
19:44:10 - __main__.gw - ERROR - Error in leader check: 'Gateway' object has no attribute 'id'
19:44:10 - __main__.gw - INFO - ===LEADER CHECK DONE===
19:44:20 - __main__.gw - INFO - ===CHECKING LEADER===
19:44:20 - __main__.gw - ERROR - Error in leader check: 'Gateway' object has no attribute 'id'
19:44:20 - __main__.gw - INFO - ===LEADER CHECK DONE===
19:44:30 - __main__.gw - INFO - ===CHECKING LEADER===
19:44:30 - __main__.gw - ERROR - Error in leader check: 'Gateway' object has no attribute 'id'
19:44:30 - __main__.gw - INFO - ===LEADER CHECK DONE===
19:44:40 - __main__.gw - INFO - ===CHECKING LEADER===
19:44:40 - __main__.gw - ERROR - Error in leader check: 'Gateway' object has no attribute 'id'
19:44:40 - __main__.gw - INFO - ===LEADER CHECK DONE===
19:44:50 - __main__.gw - INFO - ===CHECKING LEADER===
19:44:50 - __main__.gw - ERROR - Error in leader check: 'Gateway' object has no attribute 'id'
19:44:50 - __main__.gw - INFO - ===LEADER CHECK DONE===
19:45:00 - __main__.gw - INFO - ===CHECKING LEADER===
19:45:00 - __main__.gw - ERROR - Error in leader check: 'Gateway' object has no attribute 'id'
19:45:00 - __main__.gw - INFO - ===LEADER CHECK DONE===
19:45:10 - __main__.gw - INFO - ===CHECKING LEADER===
19:45:10 - __main__.gw - ERROR - Error in leader check: 'Gateway' object has no attribute 'id'
19:45:10 - __main__.gw - INFO - ===LEADER CHECK DONE===
19:45:20 - __main__.gw - INFO - ===CHECKING LEADER===
19:45:20 - __main__.gw - ERROR - Error in leader check: 'Gateway' object has no attribute 'id'
19:45:20 - __main__.gw - INFO - ===LEADER CHECK DONE===
19:45:30 - __main__.gw - INFO - ===CHECKING LEADER===
19:45:30 - __main__.gw - ERROR - Error in leader check: 'Gateway' object has no attribute 'id'
19:45:30 - __main__.gw - INFO - ===LEADER CHECK DONE===
19:45:40 - __main__.gw - INFO - ===CHECKING LEADER===
19:45:40 - __main__.gw - ERROR - Error in leader check: 'Gateway' object has no attribute 'id'
19:45:40 - __main__.gw - INFO - ===LEADER CHECK DONE===
19:45:50 - __main__.gw - INFO - ===CHECKING LEADER===
19:45:50 - __main__.gw - ERROR - Error in leader check: 'Gateway' object has no attribute 'id'
19:45:50 - __main__.gw - INFO - ===LEADER CHECK DONE===
19:46:00 - __main__.gw - INFO - ===CHECKING LEADER===
19:46:00 - __main__.gw - ERROR - Error in leader check: 'Gateway' object has no attribute 'id'
19:46:00 - __main__.gw - INFO - ===LEADER CHECK DONE===
19:46:10 - __main__.gw - INFO - ===CHECKING LEADER===
19:46:10 - __main__.gw - ERROR - Error in leader check: 'Gateway' object has no attribute 'id'
19:46:10 - __main__.gw - INFO - ===LEADER CHECK DONE===
19:46:20 - __main__.gw - INFO - ===CHECKING LEADER===
19:46:20 - __main__.gw - ERROR - Error in leader check: 'Gateway' object has no attribute 'id'
19:46:20 - __main__.gw - INFO - ===LEADER CHECK DONE===
19:46:30 - __main__.gw - INFO - ===CHECKING LEADER===
19:46:30 - __main__.gw - ERROR - Error in leader check: 'Gateway' object has no attribute 'id'
19:46:30 - __main__.gw - INFO - ===LEADER CHECK DONE===
19:46:40 - __main__.gw - INFO - ===CHECKING LEADER===
19:46:40 - __main__.gw - ERROR - Error in leader check: 'Gateway' object has no attribute 'id'
19:46:40 - __main__.gw - INFO - ===LEADER CHECK DONE===
19:46:50 - __main__.gw - INFO - ===CHECKING LEADER===
19:46:50 - __main__.gw - ERROR - Error in leader check: 'Gateway' object has no attribute 'id'
19:46:50 - __main__.gw - INFO - ===LEADER CHECK DONE===
19:47:00 - __main__.gw - INFO - ===CHECKING LEADER===
19:47:00 - __main__.gw - ERROR - Error in leader check: 'Gateway' object has no attribute 'id'
19:47:00 - __main__.gw - INFO - ===LEADER CHECK DONE===
19:47:10 - __main__.gw - INFO - ===CHECKING LEADER===
19:47:10 - __main__.gw - ERROR - Error in leader check: 'Gateway' object has no attribute 'id'
19:47:10 - __main__.gw - INFO - ===LEADER CHECK DONE===
19:47:20 - __main__.gw - INFO - ===CHECKING LEADER===
19:47:20 - __main__.gw - ERROR - Error in leader check: 'Gateway' object has no attribute 'id'
19:47:20 - __main__.gw - INFO - ===LEADER CHECK DONE===
19:47:30 - __main__.gw - INFO - ===CHECKING LEADER===
19:47:30 - __main__.gw - ERROR - Error in leader check: 'Gateway' object has no attribute 'id'
19:47:30 - __main__.gw - INFO - ===LEADER CHECK DONE===
19:47:40 - __main__.gw - INFO - ===CHECKING LEADER===
19:47:40 - __main__.gw - ERROR - Error in leader check: 'Gateway' object has no attribute 'id'
19:47:40 - __main__.gw - INFO - ===LEADER CHECK DONE===
19:47:50 - __main__.gw - INFO - ===CHECKING LEADER===
19:47:50 - __main__.gw - ERROR - Error in leader check: 'Gateway' object has no attribute 'id'
19:47:50 - __main__.gw - INFO - ===LEADER CHECK DONE===
19:48:00 - __main__.gw - INFO - ===CHECKING LEADER===
19:48:00 - __main__.gw - ERROR - Error in leader check: 'Gateway' object has no attribute 'id'
19:48:00 - __main__.gw - INFO - ===LEADER CHECK DONE===
19:48:10 - __main__.gw - INFO - ===CHECKING LEADER===
19:48:10 - __main__.gw - ERROR - Error in leader check: 'Gateway' object has no attribute 'id'
19:48:10 - __main__.gw - INFO - ===LEADER CHECK DONE===
19:48:20 - __main__.gw - INFO - ===CHECKING LEADER===
19:48:20 - __main__.gw - ERROR - Error in leader check: 'Gateway' object has no attribute 'id'
19:48:20 - __main__.gw - INFO - ===LEADER CHECK DONE===
19:48:30 - __main__.gw - INFO - ===CHECKING LEADER===
19:48:30 - __main__.gw - ERROR - Error in leader check: 'Gateway' object has no attribute 'id'
19:48:30 - __main__.gw - INFO - ===LEADER CHECK DONE===
19:48:40 - __main__.gw - INFO - ===CHECKING LEADER===
19:48:40 - __main__.gw - ERROR - Error in leader check: 'Gateway' object has no attribute 'id'
19:48:40 - __main__.gw - INFO - ===LEADER CHECK DONE===
19:48:50 - __main__.gw - INFO - ===CHECKING LEADER===
19:48:50 - __main__.gw - ERROR - Error in leader check: 'Gateway' object has no attribute 'id'
19:48:50 - __main__.gw - INFO - ===LEADER CHECK DONE===
19:49:00 - __main__.gw - INFO - ===CHECKING LEADER===
19:49:00 - __main__.gw - ERROR - Error in leader check: 'Gateway' object has no attribute 'id'
19:49:00 - __main__.gw - INFO - ===LEADER CHECK DONE===
19:49:10 - __main__.gw - INFO - ===CHECKING LEADER===
19:49:10 - __main__.gw - ERROR - Error in leader check: 'Gateway' object has no attribute 'id'
19:49:10 - __main__.gw - INFO - ===LEADER CHECK DONE===
19:49:20 - __main__.gw - INFO - ===CHECKING LEADER===
19:49:20 - __main__.gw - ERROR - Error in leader check: 'Gateway' object has no attribute 'id'
19:49:20 - __main__.gw - INFO - ===LEADER CHECK DONE===
19:49:30 - __main__.gw - INFO - ===CHECKING LEADER===
19:49:30 - __main__.gw - ERROR - Error in leader check: 'Gateway' object has no attribute 'id'
19:49:30 - __main__.gw - INFO - ===LEADER CHECK DONE===
19:49:40 - __main__.gw - INFO - ===CHECKING LEADER===
19:49:40 - __main__.gw - ERROR - Error in leader check: 'Gateway' object has no attribute 'id'
19:49:40 - __main__.gw - INFO - ===LEADER CHECK DONE===
19:49:50 - __main__.gw - INFO - ===CHECKING LEADER===
19:49:50 - __main__.gw - ERROR - Error in leader check: 'Gateway' object has no attribute 'id'
19:49:50 - __main__.gw - INFO - ===LEADER CHECK DONE===
19:50:00 - __main__.gw - INFO - ===CHECKING LEADER===
19:50:00 - __main__.gw - ERROR - Error in leader check: 'Gateway' object has no attribute 'id'
19:50:00 - __main__.gw - INFO - ===LEADER CHECK DONE===
19:50:10 - __main__.gw - INFO - ===CHECKING LEADER===
19:50:10 - __main__.gw - ERROR - Error in leader check: 'Gateway' object has no attribute 'id'
19:50:10 - __main__.gw - INFO - ===LEADER CHECK DONE===
19:50:20 - __main__.gw - INFO - ===CHECKING LEADER===
19:50:20 - __main__.gw - ERROR - Error in leader check: 'Gateway' object has no attribute 'id'
19:50:20 - __main__.gw - INFO - ===LEADER CHECK DONE===
19:50:30 - __main__.gw - INFO - ===CHECKING LEADER===
19:50:30 - __main__.gw - ERROR - Error in leader check: 'Gateway' object has no attribute 'id'
19:50:30 - __main__.gw - INFO - ===LEADER CHECK DONE===
19:50:40 - __main__.gw - INFO - ===CHECKING LEADER===
19:50:40 - __main__.gw - ERROR - Error in leader check: 'Gateway' object has no attribute 'id'
19:50:40 - __main__.gw - INFO - ===LEADER CHECK DONE===
19:50:50 - __main__.gw - INFO - ===CHECKING LEADER===
19:50:50 - __main__.gw - ERROR - Error in leader check: 'Gateway' object has no attribute 'id'
19:50:50 - __main__.gw - INFO - ===LEADER CHECK DONE===
19:51:00 - __main__.gw - INFO - ===CHECKING LEADER===
19:51:00 - __main__.gw - ERROR - Error in leader check: 'Gateway' object has no attribute 'id'
19:51:00 - __main__.gw - INFO - ===LEADER CHECK DONE===
19:51:10 - __main__.gw - INFO - ===CHECKING LEADER===
19:51:10 - __main__.gw - ERROR - Error in leader check: 'Gateway' object has no attribute 'id'
19:51:10 - __main__.gw - INFO - ===LEADER CHECK DONE===
19:51:20 - __main__.gw - INFO - ===CHECKING LEADER===
19:51:20 - __main__.gw - ERROR - Error in leader check: 'Gateway' object has no attribute 'id'
19:51:20 - __main__.gw - INFO - ===LEADER CHECK DONE===
19:51:30 - __main__.gw - INFO - ===CHECKING LEADER===
19:51:30 - __main__.gw - ERROR - Error in leader check: 'Gateway' object has no attribute 'id'
19:51:30 - __main__.gw - INFO - ===LEADER CHECK DONE===
19:51:40 - __main__.gw - INFO - ===CHECKING LEADER===
19:51:40 - __main__.gw - ERROR - Error in leader check: 'Gateway' object has no attribute 'id'
19:51:40 - __main__.gw - INFO - ===LEADER CHECK DONE===
19:51:50 - __main__.gw - INFO - ===CHECKING LEADER===
19:51:50 - __main__.gw - ERROR - Error in leader check: 'Gateway' object has no attribute 'id'
19:51:50 - __main__.gw - INFO - ===LEADER CHECK DONE===
19:52:00 - __main__.gw - INFO - ===CHECKING LEADER===
19:52:00 - __main__.gw - ERROR - Error in leader check: 'Gateway' object has no attribute 'id'
19:52:00 - __main__.gw - INFO - ===LEADER CHECK DONE===
19:52:10 - __main__.gw - INFO - ===CHECKING LEADER===
19:52:10 - __main__.gw - ERROR - Error in leader check: 'Gateway' object has no attribute 'id'
19:52:10 - __main__.gw - INFO - ===LEADER CHECK DONE===
19:52:20 - __main__.gw - INFO - ===CHECKING LEADER===
19:52:20 - __main__.gw - ERROR - Error in leader check: 'Gateway' object has no attribute 'id'
19:52:20 - __main__.gw - INFO - ===LEADER CHECK DONE===
19:52:30 - __main__.gw - INFO - ===CHECKING LEADER===
19:52:30 - __main__.gw - ERROR - Error in leader check: 'Gateway' object has no attribute 'id'
19:52:30 - __main__.gw - INFO - ===LEADER CHECK DONE===
19:52:40 - __main__.gw - INFO - ===CHECKING LEADER===
19:52:40 - __main__.gw - ERROR - Error in leader check: 'Gateway' object has no attribute 'id'
19:52:40 - __main__.gw - INFO - ===LEADER CHECK DONE===
19:52:50 - __main__.gw - INFO - ===CHECKING LEADER===
19:52:50 - __main__.gw - ERROR - Error in leader check: 'Gateway' object has no attribute 'id'
19:52:50 - __main__.gw - INFO - ===LEADER CHECK DONE===
19:53:00 - __main__.gw - INFO - ===CHECKING LEADER===
19:53:00 - __main__.gw - ERROR - Error in leader check: 'Gateway' object has no attribute 'id'
19:53:00 - __main__.gw - INFO - ===LEADER CHECK DONE===
19:53:10 - __main__.gw - INFO - ===CHECKING LEADER===
19:53:10 - __main__.gw - ERROR - Error in leader check: 'Gateway' object has no attribute 'id'
19:53:10 - __main__.gw - INFO - ===LEADER CHECK DONE===
19:53:20 - __main__.gw - INFO - ===CHECKING LEADER===
19:53:20 - __main__.gw - ERROR - Error in leader check: 'Gateway' object has no attribute 'id'
19:53:20 - __main__.gw - INFO - ===LEADER CHECK DONE===
19:53:30 - __main__.gw - INFO - ===CHECKING LEADER===
19:53:31 - __main__.gw - ERROR - Error in leader check: 'Gateway' object has no attribute 'id'
19:53:31 - __main__.gw - INFO - ===LEADER CHECK DONE===
19:53:41 - __main__.gw - INFO - ===CHECKING LEADER===
19:53:41 - __main__.gw - ERROR - Error in leader check: 'Gateway' object has no attribute 'id'
19:53:41 - __main__.gw - INFO - ===LEADER CHECK DONE===
19:53:51 - __main__.gw - INFO - ===CHECKING LEADER===
19:53:51 - __main__.gw - ERROR - Error in leader check: 'Gateway' object has no attribute 'id'
19:53:51 - __main__.gw - INFO - ===LEADER CHECK DONE===
19:54:01 - __main__.gw - INFO - ===CHECKING LEADER===
19:54:01 - __main__.gw - ERROR - Error in leader check: 'Gateway' object has no attribute 'id'
19:54:01 - __main__.gw - INFO - ===LEADER CHECK DONE===
22:59:22 - __main__.gw - INFO - ===CHECKING LEADER===
22:59:22 - __main__.gw - ERROR - Error in leader check: 'Gateway' object has no attribute 'id'
22:59:22 - __main__.gw - INFO - ===LEADER CHECK DONE===
22:59:32 - __main__.gw - INFO - ===CHECKING LEADER===
22:59:32 - __main__.gw - ERROR - Error in leader check: 'Gateway' object has no attribute 'id'
22:59:32 - __main__.gw - INFO - ===LEADER CHECK DONE===
22:59:42 - __main__.gw - INFO - ===CHECKING LEADER===
22:59:42 - __main__.gw - ERROR - Error in leader check: 'Gateway' object has no attribute 'id'
22:59:42 - __main__.gw - INFO - ===LEADER CHECK DONE===
22:59:52 - __main__.gw - INFO - ===CHECKING LEADER===
22:59:52 - __main__.gw - ERROR - Error in leader check: 'Gateway' object has no attribute 'id'
22:59:52 - __main__.gw - INFO - ===LEADER CHECK DONE===
23:00:02 - __main__.gw - INFO - ===CHECKING LEADER===
23:00:02 - __main__.gw - ERROR - Error in leader check: 'Gateway' object has no attribute 'id'
23:00:02 - __main__.gw - INFO - ===LEADER CHECK DONE===
23:00:12 - __main__.gw - INFO - ===CHECKING LEADER===
23:00:12 - __main__.gw - ERROR - Error in leader check: 'Gateway' object has no attribute 'id'
23:00:12 - __main__.gw - INFO - ===LEADER CHECK DONE===
23:00:22 - __main__.gw - INFO - ===CHECKING LEADER===
23:00:22 - __main__.gw - ERROR - Error in leader check: 'Gateway' object has no attribute 'id'
23:00:22 - __main__.gw - INFO - ===LEADER CHECK DONE===
23:00:32 - __main__.gw - INFO - ===CHECKING LEADER===
23:00:32 - __main__.gw - ERROR - Error in leader check: 'Gateway' object has no attribute 'id'
23:00:32 - __main__.gw - INFO - ===LEADER CHECK DONE===
23:00:42 - __main__.gw - INFO - ===CHECKING LEADER===
23:00:42 - __main__.gw - ERROR - Error in leader check: 'Gateway' object has no attribute 'id'
23:00:42 - __main__.gw - INFO - ===LEADER CHECK DONE===
23:00:52 - __main__.gw - INFO - ===CHECKING LEADER===
23:00:52 - __main__.gw - ERROR - Error in leader check: 'Gateway' object has no attribute 'id'
23:00:52 - __main__.gw - INFO - ===LEADER CHECK DONE===
23:01:02 - __main__.gw - INFO - ===CHECKING LEADER===
23:01:02 - __main__.gw - ERROR - Error in leader check: 'Gateway' object has no attribute 'id'
23:01:02 - __main__.gw - INFO - ===LEADER CHECK DONE===
23:01:12 - __main__.gw - INFO - ===CHECKING LEADER===
23:01:12 - __main__.gw - ERROR - Error in leader check: 'Gateway' object has no attribute 'id'
23:01:12 - __main__.gw - INFO - ===LEADER CHECK DONE===
23:01:22 - __main__.gw - INFO - ===CHECKING LEADER===
23:01:22 - __main__.gw - ERROR - Error in leader check: 'Gateway' object has no attribute 'id'
23:01:22 - __main__.gw - INFO - ===LEADER CHECK DONE===
23:01:32 - __main__.gw - INFO - ===CHECKING LEADER===
23:01:32 - __main__.gw - ERROR - Error in leader check: 'Gateway' object has no attribute 'id'
23:01:32 - __main__.gw - INFO - ===LEADER CHECK DONE===
23:01:42 - __main__.gw - INFO - ===CHECKING LEADER===
23:01:42 - __main__.gw - ERROR - Error in leader check: 'Gateway' object has no attribute 'id'
23:01:42 - __main__.gw - INFO - ===LEADER CHECK DONE===
23:01:52 - __main__.gw - INFO - ===CHECKING LEADER===
23:01:52 - __main__.gw - ERROR - Error in leader check: 'Gateway' object has no attribute 'id'
23:01:52 - __main__.gw - INFO - ===LEADER CHECK DONE===
23:02:02 - __main__.gw - INFO - ===CHECKING LEADER===
23:02:02 - __main__.gw - ERROR - Error in leader check: 'Gateway' object has no attribute 'id'
23:02:02 - __main__.gw - INFO - ===LEADER CHECK DONE===
23:02:12 - __main__.gw - INFO - ===CHECKING LEADER===
23:02:12 - __main__.gw - ERROR - Error in leader check: 'Gateway' object has no attribute 'id'
23:02:12 - __main__.gw - INFO - ===LEADER CHECK DONE===
23:02:22 - __main__.gw - INFO - ===CHECKING LEADER===
23:02:22 - __main__.gw - ERROR - Error in leader check: 'Gateway' object has no attribute 'id'
23:02:22 - __main__.gw - INFO - ===LEADER CHECK DONE===
23:02:32 - __main__.gw - INFO - ===CHECKING LEADER===
23:02:32 - __main__.gw - ERROR - Error in leader check: 'Gateway' object has no attribute 'id'
23:02:32 - __main__.gw - INFO - ===LEADER CHECK DONE===
23:02:42 - __main__.gw - INFO - ===CHECKING LEADER===
23:02:42 - __main__.gw - ERROR - Error in leader check: 'Gateway' object has no attribute 'id'
23:02:42 - __main__.gw - INFO - ===LEADER CHECK DONE===
23:02:52 - __main__.gw - INFO - ===CHECKING LEADER===
23:02:52 - __main__.gw - ERROR - Error in leader check: 'Gateway' object has no attribute 'id'
23:02:52 - __main__.gw - INFO - ===LEADER CHECK DONE===
23:03:02 - __main__.gw - INFO - ===CHECKING LEADER===
23:03:02 - __main__.gw - ERROR - Error in leader check: 'Gateway' object has no attribute 'id'
23:03:02 - __main__.gw - INFO - ===LEADER CHECK DONE===
23:03:12 - __main__.gw - INFO - ===CHECKING LEADER===
23:03:12 - __main__.gw - ERROR - Error in leader check: 'Gateway' object has no attribute 'id'
23:03:12 - __main__.gw - INFO - ===LEADER CHECK DONE===
23:03:22 - __main__.gw - INFO - ===CHECKING LEADER===
23:03:22 - __main__.gw - ERROR - Error in leader check: 'Gateway' object has no attribute 'id'
23:03:22 - __main__.gw - INFO - ===LEADER CHECK DONE===
23:03:32 - __main__.gw - INFO - ===CHECKING LEADER===
23:03:32 - __main__.gw - ERROR - Error in leader check: 'Gateway' object has no attribute 'id'
23:03:32 - __main__.gw - INFO - ===LEADER CHECK DONE===
23:03:42 - __main__.gw - INFO - ===CHECKING LEADER===
23:03:42 - __main__.gw - ERROR - Error in leader check: 'Gateway' object has no attribute 'id'
23:03:42 - __main__.gw - INFO - ===LEADER CHECK DONE===
23:03:52 - __main__.gw - INFO - ===CHECKING LEADER===
23:03:52 - __main__.gw - ERROR - Error in leader check: 'Gateway' object has no attribute 'id'
23:03:52 - __main__.gw - INFO - ===LEADER CHECK DONE===
23:04:02 - __main__.gw - INFO - ===CHECKING LEADER===
23:04:02 - __main__.gw - ERROR - Error in leader check: 'Gateway' object has no attribute 'id'
23:04:02 - __main__.gw - INFO - ===LEADER CHECK DONE===
23:04:12 - __main__.gw - INFO - ===CHECKING LEADER===
23:04:12 - __main__.gw - ERROR - Error in leader check: 'Gateway' object has no attribute 'id'
23:04:12 - __main__.gw - INFO - ===LEADER CHECK DONE===
23:04:22 - __main__.gw - INFO - ===CHECKING LEADER===
23:04:22 - __main__.gw - ERROR - Error in leader check: 'Gateway' object has no attribute 'id'
23:04:22 - __main__.gw - INFO - ===LEADER CHECK DONE===
23:04:32 - __main__.gw - INFO - ===CHECKING LEADER===
23:04:32 - __main__.gw - ERROR - Error in leader check: 'Gateway' object has no attribute 'id'
23:04:32 - __main__.gw - INFO - ===LEADER CHECK DONE===
23:04:42 - __main__.gw - INFO - ===CHECKING LEADER===
23:04:42 - __main__.gw - ERROR - Error in leader check: 'Gateway' object has no attribute 'id'
23:04:42 - __main__.gw - INFO - ===LEADER CHECK DONE===
23:04:52 - __main__.gw - INFO - ===CHECKING LEADER===
23:04:52 - __main__.gw - ERROR - Error in leader check: 'Gateway' object has no attribute 'id'
23:04:52 - __main__.gw - INFO - ===LEADER CHECK DONE===
23:05:02 - __main__.gw - INFO - ===CHECKING LEADER===
23:05:02 - __main__.gw - ERROR - Error in leader check: 'Gateway' object has no attribute 'id'
23:05:02 - __main__.gw - INFO - ===LEADER CHECK DONE===
23:05:12 - __main__.gw - INFO - ===CHECKING LEADER===
23:05:12 - __main__.gw - ERROR - Error in leader check: 'Gateway' object has no attribute 'id'
23:05:12 - __main__.gw - INFO - ===LEADER CHECK DONE===
23:05:22 - __main__.gw - INFO - ===CHECKING LEADER===
23:05:22 - __main__.gw - ERROR - Error in leader check: 'Gateway' object has no attribute 'id'
23:05:22 - __main__.gw - INFO - ===LEADER CHECK DONE===
23:05:32 - __main__.gw - INFO - ===CHECKING LEADER===
23:05:32 - __main__.gw - ERROR - Error in leader check: 'Gateway' object has no attribute 'id'
23:05:32 - __main__.gw - INFO - ===LEADER CHECK DONE===
23:05:42 - __main__.gw - INFO - ===CHECKING LEADER===
23:05:42 - __main__.gw - ERROR - Error in leader check: 'Gateway' object has no attribute 'id'
23:05:42 - __main__.gw - INFO - ===LEADER CHECK DONE===
23:05:52 - __main__.gw - INFO - ===CHECKING LEADER===
23:05:52 - __main__.gw - ERROR - Error in leader check: 'Gateway' object has no attribute 'id'
23:05:52 - __main__.gw - INFO - ===LEADER CHECK DONE===
23:06:02 - __main__.gw - INFO - ===CHECKING LEADER===
23:06:02 - __main__.gw - ERROR - Error in leader check: 'Gateway' object has no attribute 'id'
23:06:02 - __main__.gw - INFO - ===LEADER CHECK DONE===
23:06:12 - __main__.gw - INFO - ===CHECKING LEADER===
23:06:12 - __main__.gw - ERROR - Error in leader check: 'Gateway' object has no attribute 'id'
23:06:12 - __main__.gw - INFO - ===LEADER CHECK DONE===
23:06:22 - __main__.gw - INFO - ===CHECKING LEADER===
23:06:22 - __main__.gw - ERROR - Error in leader check: 'Gateway' object has no attribute 'id'
23:06:22 - __main__.gw - INFO - ===LEADER CHECK DONE===
23:06:32 - __main__.gw - INFO - ===CHECKING LEADER===
23:06:32 - __main__.gw - ERROR - Error in leader check: 'Gateway' object has no attribute 'id'
23:06:32 - __main__.gw - INFO - ===LEADER CHECK DONE===
23:06:42 - __main__.gw - INFO - ===CHECKING LEADER===
23:06:42 - __main__.gw - ERROR - Error in leader check: 'Gateway' object has no attribute 'id'
23:06:42 - __main__.gw - INFO - ===LEADER CHECK DONE===
23:06:52 - __main__.gw - INFO - ===CHECKING LEADER===
23:06:52 - __main__.gw - ERROR - Error in leader check: 'Gateway' object has no attribute 'id'
23:06:52 - __main__.gw - INFO - ===LEADER CHECK DONE===
23:07:02 - __main__.gw - INFO - ===CHECKING LEADER===
23:07:02 - __main__.gw - ERROR - Error in leader check: 'Gateway' object has no attribute 'id'
23:07:02 - __main__.gw - INFO - ===LEADER CHECK DONE===
23:07:12 - __main__.gw - INFO - ===CHECKING LEADER===
23:07:12 - __main__.gw - ERROR - Error in leader check: 'Gateway' object has no attribute 'id'
23:07:12 - __main__.gw - INFO - ===LEADER CHECK DONE===
23:07:22 - __main__.gw - INFO - ===CHECKING LEADER===
23:07:22 - __main__.gw - ERROR - Error in leader check: 'Gateway' object has no attribute 'id'
23:07:22 - __main__.gw - INFO - ===LEADER CHECK DONE===
23:07:32 - __main__.gw - INFO - ===CHECKING LEADER===
23:07:32 - __main__.gw - ERROR - Error in leader check: 'Gateway' object has no attribute 'id'
23:07:32 - __main__.gw - INFO - ===LEADER CHECK DONE===
23:07:43 - __main__.gw - INFO - ===CHECKING LEADER===
23:07:43 - __main__.gw - ERROR - Error in leader check: 'Gateway' object has no attribute 'id'
23:07:43 - __main__.gw - INFO - ===LEADER CHECK DONE===
23:07:53 - __main__.gw - INFO - ===CHECKING LEADER===
23:07:53 - __main__.gw - ERROR - Error in leader check: 'Gateway' object has no attribute 'id'
23:07:53 - __main__.gw - INFO - ===LEADER CHECK DONE===
23:08:03 - __main__.gw - INFO - ===CHECKING LEADER===
23:08:03 - __main__.gw - ERROR - Error in leader check: 'Gateway' object has no attribute 'id'
23:08:03 - __main__.gw - INFO - ===LEADER CHECK DONE===
23:08:13 - __main__.gw - INFO - ===CHECKING LEADER===
23:08:13 - __main__.gw - ERROR - Error in leader check: 'Gateway' object has no attribute 'id'
23:08:13 - __main__.gw - INFO - ===LEADER CHECK DONE===
23:08:23 - __main__.gw - INFO - ===CHECKING LEADER===
23:08:23 - __main__.gw - ERROR - Error in leader check: 'Gateway' object has no attribute 'id'
23:08:23 - __main__.gw - INFO - ===LEADER CHECK DONE===
23:08:33 - __main__.gw - INFO - ===CHECKING LEADER===
23:08:33 - __main__.gw - ERROR - Error in leader check: 'Gateway' object has no attribute 'id'
23:08:33 - __main__.gw - INFO - ===LEADER CHECK DONE===
23:08:43 - __main__.gw - INFO - ===CHECKING LEADER===
23:08:43 - __main__.gw - ERROR - Error in leader check: 'Gateway' object has no attribute 'id'
23:08:43 - __main__.gw - INFO - ===LEADER CHECK DONE===
23:08:53 - __main__.gw - INFO - ===CHECKING LEADER===
23:08:53 - __main__.gw - ERROR - Error in leader check: 'Gateway' object has no attribute 'id'
23:08:53 - __main__.gw - INFO - ===LEADER CHECK DONE===
23:09:03 - __main__.gw - INFO - ===CHECKING LEADER===
23:09:03 - __main__.gw - ERROR - Error in leader check: 'Gateway' object has no attribute 'id'
23:09:03 - __main__.gw - INFO - ===LEADER CHECK DONE===
23:09:13 - __main__.gw - INFO - ===CHECKING LEADER===
23:09:13 - __main__.gw - ERROR - Error in leader check: 'Gateway' object has no attribute 'id'
23:09:13 - __main__.gw - INFO - ===LEADER CHECK DONE===
23:09:23 - __main__.gw - INFO - ===CHECKING LEADER===
23:09:23 - __main__.gw - ERROR - Error in leader check: 'Gateway' object has no attribute 'id'
23:09:23 - __main__.gw - INFO - ===LEADER CHECK DONE===
23:09:33 - __main__.gw - INFO - ===CHECKING LEADER===
23:09:33 - __main__.gw - ERROR - Error in leader check: 'Gateway' object has no attribute 'id'
23:09:33 - __main__.gw - INFO - ===LEADER CHECK DONE===
23:09:43 - __main__.gw - INFO - ===CHECKING LEADER===
23:09:43 - __main__.gw - ERROR - Error in leader check: 'Gateway' object has no attribute 'id'
23:09:43 - __main__.gw - INFO - ===LEADER CHECK DONE===
23:09:53 - __main__.gw - INFO - ===CHECKING LEADER===
23:09:53 - __main__.gw - ERROR - Error in leader check: 'Gateway' object has no attribute 'id'
23:09:53 - __main__.gw - INFO - ===LEADER CHECK DONE===
23:10:03 - __main__.gw - INFO - ===CHECKING LEADER===
23:10:03 - __main__.gw - ERROR - Error in leader check: 'Gateway' object has no attribute 'id'
23:10:03 - __main__.gw - INFO - ===LEADER CHECK DONE===
23:10:13 - __main__.gw - INFO - ===CHECKING LEADER===
23:10:13 - __main__.gw - ERROR - Error in leader check: 'Gateway' object has no attribute 'id'
23:10:13 - __main__.gw - INFO - ===LEADER CHECK DONE===
23:10:23 - __main__.gw - INFO - ===CHECKING LEADER===
23:10:23 - __main__.gw - ERROR - Error in leader check: 'Gateway' object has no attribute 'id'
23:10:23 - __main__.gw - INFO - ===LEADER CHECK DONE===
23:10:33 - __main__.gw - INFO - ===CHECKING LEADER===
23:10:33 - __main__.gw - ERROR - Error in leader check: 'Gateway' object has no attribute 'id'
23:10:33 - __main__.gw - INFO - ===LEADER CHECK DONE===
23:10:43 - __main__.gw - INFO - ===CHECKING LEADER===
23:10:43 - __main__.gw - ERROR - Error in leader check: 'Gateway' object has no attribute 'id'
23:10:43 - __main__.gw - INFO - ===LEADER CHECK DONE===
23:10:53 - __main__.gw - INFO - ===CHECKING LEADER===
23:10:53 - __main__.gw - ERROR - Error in leader check: 'Gateway' object has no attribute 'id'
23:10:53 - __main__.gw - INFO - ===LEADER CHECK DONE===
23:11:03 - __main__.gw - INFO - ===CHECKING LEADER===
23:11:03 - __main__.gw - ERROR - Error in leader check: 'Gateway' object has no attribute 'id'
23:11:03 - __main__.gw - INFO - ===LEADER CHECK DONE===
23:11:13 - __main__.gw - INFO - ===CHECKING LEADER===
23:11:13 - __main__.gw - ERROR - Error in leader check: 'Gateway' object has no attribute 'id'
23:11:13 - __main__.gw - INFO - ===LEADER CHECK DONE===
23:11:23 - __main__.gw - INFO - ===CHECKING LEADER===
23:11:23 - __main__.gw - ERROR - Error in leader check: 'Gateway' object has no attribute 'id'
23:11:23 - __main__.gw - INFO - ===LEADER CHECK DONE===
23:11:33 - __main__.gw - INFO - ===CHECKING LEADER===
23:11:33 - __main__.gw - ERROR - Error in leader check: 'Gateway' object has no attribute 'id'
23:11:33 - __main__.gw - INFO - ===LEADER CHECK DONE===
23:11:43 - __main__.gw - INFO - ===CHECKING LEADER===
23:11:43 - __main__.gw - ERROR - Error in leader check: 'Gateway' object has no attribute 'id'
23:11:43 - __main__.gw - INFO - ===LEADER CHECK DONE===
23:11:53 - __main__.gw - INFO - ===CHECKING LEADER===
23:11:53 - __main__.gw - ERROR - Error in leader check: 'Gateway' object has no attribute 'id'
23:11:53 - __main__.gw - INFO - ===LEADER CHECK DONE===
23:12:03 - __main__.gw - INFO - ===CHECKING LEADER===
23:12:03 - __main__.gw - ERROR - Error in leader check: 'Gateway' object has no attribute 'id'
23:12:03 - __main__.gw - INFO - ===LEADER CHECK DONE===
23:12:13 - __main__.gw - INFO - ===CHECKING LEADER===
23:12:13 - __main__.gw - ERROR - Error in leader check: 'Gateway' object has no attribute 'id'
23:12:13 - __main__.gw - INFO - ===LEADER CHECK DONE===
23:12:23 - __main__.gw - INFO - ===CHECKING LEADER===
23:12:23 - __main__.gw - ERROR - Error in leader check: 'Gateway' object has no attribute 'id'
23:12:23 - __main__.gw - INFO - ===LEADER CHECK DONE===
23:12:33 - __main__.gw - INFO - ===CHECKING LEADER===
23:12:33 - __main__.gw - ERROR - Error in leader check: 'Gateway' object has no attribute 'id'
23:12:33 - __main__.gw - INFO - ===LEADER CHECK DONE===
23:12:43 - __main__.gw - INFO - ===CHECKING LEADER===
23:12:43 - __main__.gw - ERROR - Error in leader check: 'Gateway' object has no attribute 'id'
23:12:43 - __main__.gw - INFO - ===LEADER CHECK DONE===
23:12:53 - __main__.gw - INFO - ===CHECKING LEADER===
23:12:53 - __main__.gw - ERROR - Error in leader check: 'Gateway' object has no attribute 'id'
23:12:53 - __main__.gw - INFO - ===LEADER CHECK DONE===
23:13:03 - __main__.gw - INFO - ===CHECKING LEADER===
23:13:03 - __main__.gw - ERROR - Error in leader check: 'Gateway' object has no attribute 'id'
23:13:03 - __main__.gw - INFO - ===LEADER CHECK DONE===
23:13:13 - __main__.gw - INFO - ===CHECKING LEADER===
23:13:13 - __main__.gw - ERROR - Error in leader check: 'Gateway' object has no attribute 'id'
23:13:13 - __main__.gw - INFO - ===LEADER CHECK DONE===
23:13:23 - __main__.gw - INFO - ===CHECKING LEADER===
23:13:23 - __main__.gw - ERROR - Error in leader check: 'Gateway' object has no attribute 'id'
23:13:23 - __main__.gw - INFO - ===LEADER CHECK DONE===
23:13:33 - __main__.gw - INFO - ===CHECKING LEADER===
23:13:33 - __main__.gw - ERROR - Error in leader check: 'Gateway' object has no attribute 'id'
23:13:33 - __main__.gw - INFO - ===LEADER CHECK DONE===
23:13:43 - __main__.gw - INFO - ===CHECKING LEADER===
23:13:43 - __main__.gw - ERROR - Error in leader check: 'Gateway' object has no attribute 'id'
23:13:43 - __main__.gw - INFO - ===LEADER CHECK DONE===
23:13:53 - __main__.gw - INFO - ===CHECKING LEADER===
23:13:53 - __main__.gw - ERROR - Error in leader check: 'Gateway' object has no attribute 'id'
23:13:53 - __main__.gw - INFO - ===LEADER CHECK DONE===
23:14:03 - __main__.gw - INFO - ===CHECKING LEADER===
23:14:03 - __main__.gw - ERROR - Error in leader check: 'Gateway' object has no attribute 'id'
23:14:03 - __main__.gw - INFO - ===LEADER CHECK DONE===
23:14:13 - __main__.gw - INFO - ===CHECKING LEADER===
23:14:13 - __main__.gw - ERROR - Error in leader check: 'Gateway' object has no attribute 'id'
23:14:13 - __main__.gw - INFO - ===LEADER CHECK DONE===
23:14:23 - __main__.gw - INFO - ===CHECKING LEADER===
23:14:23 - __main__.gw - ERROR - Error in leader check: 'Gateway' object has no attribute 'id'
23:14:23 - __main__.gw - INFO - ===LEADER CHECK DONE===
23:14:33 - __main__.gw - INFO - ===CHECKING LEADER===
23:14:33 - __main__.gw - ERROR - Error in leader check: 'Gateway' object has no attribute 'id'
23:14:33 - __main__.gw - INFO - ===LEADER CHECK DONE===
23:14:43 - __main__.gw - INFO - ===CHECKING LEADER===
23:14:43 - __main__.gw - ERROR - Error in leader check: 'Gateway' object has no attribute 'id'
23:14:43 - __main__.gw - INFO - ===LEADER CHECK DONE===
23:14:53 - __main__.gw - INFO - ===CHECKING LEADER===
23:14:53 - __main__.gw - ERROR - Error in leader check: 'Gateway' object has no attribute 'id'
23:14:53 - __main__.gw - INFO - ===LEADER CHECK DONE===
23:15:03 - __main__.gw - INFO - ===CHECKING LEADER===
23:15:03 - __main__.gw - ERROR - Error in leader check: 'Gateway' object has no attribute 'id'
23:15:03 - __main__.gw - INFO - ===LEADER CHECK DONE===
23:15:13 - __main__.gw - INFO - ===CHECKING LEADER===
23:15:13 - __main__.gw - ERROR - Error in leader check: 'Gateway' object has no attribute 'id'
23:15:13 - __main__.gw - INFO - ===LEADER CHECK DONE===
23:15:23 - __main__.gw - INFO - ===CHECKING LEADER===
23:15:23 - __main__.gw - ERROR - Error in leader check: 'Gateway' object has no attribute 'id'
23:15:23 - __main__.gw - INFO - ===LEADER CHECK DONE===
23:15:33 - __main__.gw - INFO - ===CHECKING LEADER===
23:15:33 - __main__.gw - ERROR - Error in leader check: 'Gateway' object has no attribute 'id'
23:15:33 - __main__.gw - INFO - ===LEADER CHECK DONE===
23:15:43 - __main__.gw - INFO - ===CHECKING LEADER===
23:15:43 - __main__.gw - ERROR - Error in leader check: 'Gateway' object has no attribute 'id'
23:15:43 - __main__.gw - INFO - ===LEADER CHECK DONE===
23:15:53 - __main__.gw - INFO - ===CHECKING LEADER===
23:15:53 - __main__.gw - ERROR - Error in leader check: 'Gateway' object has no attribute 'id'
23:15:53 - __main__.gw - INFO - ===LEADER CHECK DONE===
23:16:03 - __main__.gw - INFO - ===CHECKING LEADER===
23:16:03 - __main__.gw - ERROR - Error in leader check: 'Gateway' object has no attribute 'id'
23:16:03 - __main__.gw - INFO - ===LEADER CHECK DONE===
23:16:13 - __main__.gw - INFO - ===CHECKING LEADER===
23:16:13 - __main__.gw - ERROR - Error in leader check: 'Gateway' object has no attribute 'id'
23:16:13 - __main__.gw - INFO - ===LEADER CHECK DONE===
23:16:23 - __main__.gw - INFO - ===CHECKING LEADER===
23:16:23 - __main__.gw - ERROR - Error in leader check: 'Gateway' object has no attribute 'id'
23:16:23 - __main__.gw - INFO - ===LEADER CHECK DONE===
23:16:33 - __main__.gw - INFO - ===CHECKING LEADER===
23:16:33 - __main__.gw - ERROR - Error in leader check: 'Gateway' object has no attribute 'id'
23:16:33 - __main__.gw - INFO - ===LEADER CHECK DONE===
23:16:43 - __main__.gw - INFO - ===CHECKING LEADER===
23:16:43 - __main__.gw - ERROR - Error in leader check: 'Gateway' object has no attribute 'id'
23:16:43 - __main__.gw - INFO - ===LEADER CHECK DONE===
23:16:53 - __main__.gw - INFO - ===CHECKING LEADER===
23:16:53 - __main__.gw - ERROR - Error in leader check: 'Gateway' object has no attribute 'id'
23:16:53 - __main__.gw - INFO - ===LEADER CHECK DONE===
23:17:04 - __main__.gw - INFO - ===CHECKING LEADER===
23:17:04 - __main__.gw - ERROR - Error in leader check: 'Gateway' object has no attribute 'id'
23:17:04 - __main__.gw - INFO - ===LEADER CHECK DONE===
23:17:14 - __main__.gw - INFO - ===CHECKING LEADER===
23:17:14 - __main__.gw - ERROR - Error in leader check: 'Gateway' object has no attribute 'id'
23:17:14 - __main__.gw - INFO - ===LEADER CHECK DONE===
23:17:24 - __main__.gw - INFO - ===CHECKING LEADER===
23:17:24 - __main__.gw - ERROR - Error in leader check: 'Gateway' object has no attribute 'id'
23:17:24 - __main__.gw - INFO - ===LEADER CHECK DONE===
23:17:34 - __main__.gw - INFO - ===CHECKING LEADER===
23:17:34 - __main__.gw - ERROR - Error in leader check: 'Gateway' object has no attribute 'id'
23:17:34 - __main__.gw - INFO - ===LEADER CHECK DONE===
23:17:44 - __main__.gw - INFO - ===CHECKING LEADER===
23:17:44 - __main__.gw - ERROR - Error in leader check: 'Gateway' object has no attribute 'id'
23:17:44 - __main__.gw - INFO - ===LEADER CHECK DONE===
23:17:54 - __main__.gw - INFO - ===CHECKING LEADER===
23:17:54 - __main__.gw - ERROR - Error in leader check: 'Gateway' object has no attribute 'id'
23:17:54 - __main__.gw - INFO - ===LEADER CHECK DONE===
23:18:04 - __main__.gw - INFO - ===CHECKING LEADER===
23:18:04 - __main__.gw - ERROR - Error in leader check: 'Gateway' object has no attribute 'id'
23:18:04 - __main__.gw - INFO - ===LEADER CHECK DONE===
23:18:14 - __main__.gw - INFO - ===CHECKING LEADER===
23:18:14 - __main__.gw - ERROR - Error in leader check: 'Gateway' object has no attribute 'id'
23:18:14 - __main__.gw - INFO - ===LEADER CHECK DONE===
23:18:24 - __main__.gw - INFO - ===CHECKING LEADER===
23:18:24 - __main__.gw - ERROR - Error in leader check: 'Gateway' object has no attribute 'id'
23:18:24 - __main__.gw - INFO - ===LEADER CHECK DONE===
23:18:34 - __main__.gw - INFO - ===CHECKING LEADER===
23:18:34 - __main__.gw - ERROR - Error in leader check: 'Gateway' object has no attribute 'id'
23:18:34 - __main__.gw - INFO - ===LEADER CHECK DONE===
23:18:44 - __main__.gw - INFO - ===CHECKING LEADER===
23:18:44 - __main__.gw - ERROR - Error in leader check: 'Gateway' object has no attribute 'id'
23:18:44 - __main__.gw - INFO - ===LEADER CHECK DONE===
23:18:54 - __main__.gw - INFO - ===CHECKING LEADER===
23:18:54 - __main__.gw - ERROR - Error in leader check: 'Gateway' object has no attribute 'id'
23:18:54 - __main__.gw - INFO - ===LEADER CHECK DONE===
23:19:04 - __main__.gw - INFO - ===CHECKING LEADER===
23:19:04 - __main__.gw - ERROR - Error in leader check: 'Gateway' object has no attribute 'id'
23:19:04 - __main__.gw - INFO - ===LEADER CHECK DONE===
23:19:14 - __main__.gw - INFO - ===CHECKING LEADER===
23:19:14 - __main__.gw - ERROR - Error in leader check: 'Gateway' object has no attribute 'id'
23:19:14 - __main__.gw - INFO - ===LEADER CHECK DONE===
23:19:24 - __main__.gw - INFO - ===CHECKING LEADER===
23:19:24 - __main__.gw - ERROR - Error in leader check: 'Gateway' object has no attribute 'id'
23:19:24 - __main__.gw - INFO - ===LEADER CHECK DONE===
23:19:34 - __main__.gw - INFO - ===CHECKING LEADER===
23:19:34 - __main__.gw - ERROR - Error in leader check: 'Gateway' object has no attribute 'id'
23:19:34 - __main__.gw - INFO - ===LEADER CHECK DONE===
23:19:44 - __main__.gw - INFO - ===CHECKING LEADER===
23:19:44 - __main__.gw - ERROR - Error in leader check: 'Gateway' object has no attribute 'id'
23:19:44 - __main__.gw - INFO - ===LEADER CHECK DONE===
23:19:54 - __main__.gw - INFO - ===CHECKING LEADER===
23:19:54 - __main__.gw - ERROR - Error in leader check: 'Gateway' object has no attribute 'id'
23:19:54 - __main__.gw - INFO - ===LEADER CHECK DONE===
23:20:04 - __main__.gw - INFO - ===CHECKING LEADER===
23:20:04 - __main__.gw - ERROR - Error in leader check: 'Gateway' object has no attribute 'id'
23:20:04 - __main__.gw - INFO - ===LEADER CHECK DONE===
23:20:14 - __main__.gw - INFO - ===CHECKING LEADER===
23:20:14 - __main__.gw - ERROR - Error in leader check: 'Gateway' object has no attribute 'id'
23:20:14 - __main__.gw - INFO - ===LEADER CHECK DONE===
23:20:24 - __main__.gw - INFO - ===CHECKING LEADER===
23:20:24 - __main__.gw - ERROR - Error in leader check: 'Gateway' object has no attribute 'id'
23:20:24 - __main__.gw - INFO - ===LEADER CHECK DONE===
23:20:34 - __main__.gw - INFO - ===CHECKING LEADER===
23:20:34 - __main__.gw - ERROR - Error in leader check: 'Gateway' object has no attribute 'id'
23:20:34 - __main__.gw - INFO - ===LEADER CHECK DONE===
23:20:44 - __main__.gw - INFO - ===CHECKING LEADER===
23:20:44 - __main__.gw - ERROR - Error in leader check: 'Gateway' object has no attribute 'id'
23:20:44 - __main__.gw - INFO - ===LEADER CHECK DONE===
23:20:54 - __main__.gw - INFO - ===CHECKING LEADER===
23:20:54 - __main__.gw - ERROR - Error in leader check: 'Gateway' object has no attribute 'id'
23:20:54 - __main__.gw - INFO - ===LEADER CHECK DONE===
23:21:04 - __main__.gw - INFO - ===CHECKING LEADER===
23:21:04 - __main__.gw - ERROR - Error in leader check: 'Gateway' object has no attribute 'id'
23:21:04 - __main__.gw - INFO - ===LEADER CHECK DONE===
